
*** Running vivado
    with args -log xilinx_zcu104_vcuDec_vmixHdmiTx_202110_1_hdmi_ctrl_iic_0.vds -m64 -product Vivado -mode batch -messageDb vivado.pb -notrace -source xilinx_zcu104_vcuDec_vmixHdmiTx_202110_1_hdmi_ctrl_iic_0.tcl


****** Vivado v2021.1.1 (64-bit)
  **** SW Build 3286242 on Wed Jul 28 13:09:46 MDT 2021
  **** IP Build 3279568 on Wed Jul 28 16:48:48 MDT 2021
    ** Copyright 1986-2021 Xilinx, Inc. All Rights Reserved.

source xilinx_zcu104_vcuDec_vmixHdmiTx_202110_1_hdmi_ctrl_iic_0.tcl -notrace
INFO: [IP_Flow 19-234] Refreshing IP repositories
INFO: [IP_Flow 19-1700] Loaded user IP repository '/home/catmouse/VVAS/ivas-platforms/Embedded/zcu104_vcuDec_vmixHdmiTx/vivado/ip_repo'.
INFO: [IP_Flow 19-2313] Loaded Vivado IP repository '/tools/Xilinx/Vivado/2021.1/data/ip'.
Command: synth_design -top xilinx_zcu104_vcuDec_vmixHdmiTx_202110_1_hdmi_ctrl_iic_0 -part xczu7ev-ffvc1156-2-e -mode out_of_context
Starting synth_design
Attempting to get a license for feature 'Synthesis' and/or device 'xczu7ev'
INFO: [Common 17-349] Got license for feature 'Synthesis' and/or device 'xczu7ev'
INFO: [Device 21-403] Loading part xczu7ev-ffvc1156-2-e
INFO: [Synth 8-7079] Multithreading enabled for synth_design using a maximum of 4 processes.
INFO: [Synth 8-7078] Launching helper process for spawning children vivado processes
INFO: [Synth 8-7075] Helper process launched with PID 16699
---------------------------------------------------------------------------------
Starting RTL Elaboration : Time (s): cpu = 00:00:02 ; elapsed = 00:00:09 . Memory (MB): peak = 2983.008 ; gain = 52.684 ; free physical = 1049 ; free virtual = 3516
---------------------------------------------------------------------------------
WARNING: [Synth 8-2048] function gpo_bit_used does not always return a value [/home/catmouse/VVAS/ivas-platforms/Embedded/zcu104_vcuDec_vmixHdmiTx/vivado/xilinx_zcu104_vcuDec_vmixHdmiTx_202110_1/xilinx_zcu104_vcuDec_vmixHdmiTx_202110_1.gen/sources_1/bd/xilinx_zcu104_vcuDec_vmixHdmiTx_202110_1/ipshared/68d2/hdl/axi_iic_v2_1_vh_rfs.vhd:1147]
INFO: [Synth 8-638] synthesizing module 'xilinx_zcu104_vcuDec_vmixHdmiTx_202110_1_hdmi_ctrl_iic_0' [/home/catmouse/VVAS/ivas-platforms/Embedded/zcu104_vcuDec_vmixHdmiTx/vivado/xilinx_zcu104_vcuDec_vmixHdmiTx_202110_1/xilinx_zcu104_vcuDec_vmixHdmiTx_202110_1.gen/sources_1/bd/xilinx_zcu104_vcuDec_vmixHdmiTx_202110_1/ip/xilinx_zcu104_vcuDec_vmixHdmiTx_202110_1_hdmi_ctrl_iic_0/synth/xilinx_zcu104_vcuDec_vmixHdmiTx_202110_1_hdmi_ctrl_iic_0.vhd:91]
	Parameter C_FAMILY bound to: zynquplus - type: string 
	Parameter C_S_AXI_ADDR_WIDTH bound to: 9 - type: integer 
	Parameter C_S_AXI_DATA_WIDTH bound to: 32 - type: integer 
	Parameter C_IIC_FREQ bound to: 100000 - type: integer 
	Parameter C_TEN_BIT_ADR bound to: 0 - type: integer 
	Parameter C_GPO_WIDTH bound to: 1 - type: integer 
	Parameter C_S_AXI_ACLK_FREQ_HZ bound to: 33333333 - type: integer 
	Parameter C_SCL_INERTIAL_DELAY bound to: 0 - type: integer 
	Parameter C_SDA_INERTIAL_DELAY bound to: 0 - type: integer 
	Parameter C_SDA_LEVEL bound to: 1 - type: integer 
	Parameter C_SMBUS_PMBUS_HOST bound to: 0 - type: integer 
	Parameter C_DISABLE_SETUP_VIOLATION_CHECK bound to: 0 - type: integer 
	Parameter C_STATIC_TIMING_REG_WIDTH bound to: 0 - type: integer 
	Parameter C_TIMING_REG_WIDTH bound to: 32 - type: integer 
	Parameter C_DEFAULT_VALUE bound to: 8'b00000000 
INFO: [Synth 8-3491] module 'axi_iic' declared at '/home/catmouse/VVAS/ivas-platforms/Embedded/zcu104_vcuDec_vmixHdmiTx/vivado/xilinx_zcu104_vcuDec_vmixHdmiTx_202110_1/xilinx_zcu104_vcuDec_vmixHdmiTx_202110_1.gen/sources_1/bd/xilinx_zcu104_vcuDec_vmixHdmiTx_202110_1/ipshared/68d2/hdl/axi_iic_v2_1_vh_rfs.vhd:6832' bound to instance 'U0' of component 'axi_iic' [/home/catmouse/VVAS/ivas-platforms/Embedded/zcu104_vcuDec_vmixHdmiTx/vivado/xilinx_zcu104_vcuDec_vmixHdmiTx_202110_1/xilinx_zcu104_vcuDec_vmixHdmiTx_202110_1.gen/sources_1/bd/xilinx_zcu104_vcuDec_vmixHdmiTx_202110_1/ip/xilinx_zcu104_vcuDec_vmixHdmiTx_202110_1_hdmi_ctrl_iic_0/synth/xilinx_zcu104_vcuDec_vmixHdmiTx_202110_1_hdmi_ctrl_iic_0.vhd:184]
INFO: [Synth 8-638] synthesizing module 'axi_iic' [/home/catmouse/VVAS/ivas-platforms/Embedded/zcu104_vcuDec_vmixHdmiTx/vivado/xilinx_zcu104_vcuDec_vmixHdmiTx_202110_1/xilinx_zcu104_vcuDec_vmixHdmiTx_202110_1.gen/sources_1/bd/xilinx_zcu104_vcuDec_vmixHdmiTx_202110_1/ipshared/68d2/hdl/axi_iic_v2_1_vh_rfs.vhd:6906]
INFO: [Synth 8-638] synthesizing module 'iic' [/home/catmouse/VVAS/ivas-platforms/Embedded/zcu104_vcuDec_vmixHdmiTx/vivado/xilinx_zcu104_vcuDec_vmixHdmiTx_202110_1/xilinx_zcu104_vcuDec_vmixHdmiTx_202110_1.gen/sources_1/bd/xilinx_zcu104_vcuDec_vmixHdmiTx_202110_1/ipshared/68d2/hdl/axi_iic_v2_1_vh_rfs.vhd:6210]
INFO: [Synth 8-638] synthesizing module 'axi_ipif_ssp1' [/home/catmouse/VVAS/ivas-platforms/Embedded/zcu104_vcuDec_vmixHdmiTx/vivado/xilinx_zcu104_vcuDec_vmixHdmiTx_202110_1/xilinx_zcu104_vcuDec_vmixHdmiTx_202110_1.gen/sources_1/bd/xilinx_zcu104_vcuDec_vmixHdmiTx_202110_1/ipshared/68d2/hdl/axi_iic_v2_1_vh_rfs.vhd:5677]
INFO: [Synth 8-638] synthesizing module 'axi_lite_ipif' [/home/catmouse/VVAS/ivas-platforms/Embedded/zcu104_vcuDec_vmixHdmiTx/vivado/xilinx_zcu104_vcuDec_vmixHdmiTx_202110_1/xilinx_zcu104_vcuDec_vmixHdmiTx_202110_1.gen/sources_1/bd/xilinx_zcu104_vcuDec_vmixHdmiTx_202110_1/ipshared/66ea/hdl/axi_lite_ipif_v3_0_vh_rfs.vhd:2948]
INFO: [Synth 8-638] synthesizing module 'slave_attachment' [/home/catmouse/VVAS/ivas-platforms/Embedded/zcu104_vcuDec_vmixHdmiTx/vivado/xilinx_zcu104_vcuDec_vmixHdmiTx_202110_1/xilinx_zcu104_vcuDec_vmixHdmiTx_202110_1.gen/sources_1/bd/xilinx_zcu104_vcuDec_vmixHdmiTx_202110_1/ipshared/66ea/hdl/axi_lite_ipif_v3_0_vh_rfs.vhd:2341]
INFO: [Synth 8-638] synthesizing module 'address_decoder' [/home/catmouse/VVAS/ivas-platforms/Embedded/zcu104_vcuDec_vmixHdmiTx/vivado/xilinx_zcu104_vcuDec_vmixHdmiTx_202110_1/xilinx_zcu104_vcuDec_vmixHdmiTx_202110_1.gen/sources_1/bd/xilinx_zcu104_vcuDec_vmixHdmiTx_202110_1/ipshared/66ea/hdl/axi_lite_ipif_v3_0_vh_rfs.vhd:1775]
INFO: [Synth 8-638] synthesizing module 'pselect_f' [/home/catmouse/VVAS/ivas-platforms/Embedded/zcu104_vcuDec_vmixHdmiTx/vivado/xilinx_zcu104_vcuDec_vmixHdmiTx_202110_1/xilinx_zcu104_vcuDec_vmixHdmiTx_202110_1.gen/sources_1/bd/xilinx_zcu104_vcuDec_vmixHdmiTx_202110_1/ipshared/66ea/hdl/axi_lite_ipif_v3_0_vh_rfs.vhd:1534]
INFO: [Synth 8-256] done synthesizing module 'pselect_f' (1#1) [/home/catmouse/VVAS/ivas-platforms/Embedded/zcu104_vcuDec_vmixHdmiTx/vivado/xilinx_zcu104_vcuDec_vmixHdmiTx_202110_1/xilinx_zcu104_vcuDec_vmixHdmiTx_202110_1.gen/sources_1/bd/xilinx_zcu104_vcuDec_vmixHdmiTx_202110_1/ipshared/66ea/hdl/axi_lite_ipif_v3_0_vh_rfs.vhd:1534]
INFO: [Synth 8-638] synthesizing module 'pselect_f__parameterized0' [/home/catmouse/VVAS/ivas-platforms/Embedded/zcu104_vcuDec_vmixHdmiTx/vivado/xilinx_zcu104_vcuDec_vmixHdmiTx_202110_1/xilinx_zcu104_vcuDec_vmixHdmiTx_202110_1.gen/sources_1/bd/xilinx_zcu104_vcuDec_vmixHdmiTx_202110_1/ipshared/66ea/hdl/axi_lite_ipif_v3_0_vh_rfs.vhd:1534]
INFO: [Synth 8-256] done synthesizing module 'pselect_f__parameterized0' (1#1) [/home/catmouse/VVAS/ivas-platforms/Embedded/zcu104_vcuDec_vmixHdmiTx/vivado/xilinx_zcu104_vcuDec_vmixHdmiTx_202110_1/xilinx_zcu104_vcuDec_vmixHdmiTx_202110_1.gen/sources_1/bd/xilinx_zcu104_vcuDec_vmixHdmiTx_202110_1/ipshared/66ea/hdl/axi_lite_ipif_v3_0_vh_rfs.vhd:1534]
INFO: [Synth 8-638] synthesizing module 'pselect_f__parameterized1' [/home/catmouse/VVAS/ivas-platforms/Embedded/zcu104_vcuDec_vmixHdmiTx/vivado/xilinx_zcu104_vcuDec_vmixHdmiTx_202110_1/xilinx_zcu104_vcuDec_vmixHdmiTx_202110_1.gen/sources_1/bd/xilinx_zcu104_vcuDec_vmixHdmiTx_202110_1/ipshared/66ea/hdl/axi_lite_ipif_v3_0_vh_rfs.vhd:1534]
INFO: [Synth 8-256] done synthesizing module 'pselect_f__parameterized1' (1#1) [/home/catmouse/VVAS/ivas-platforms/Embedded/zcu104_vcuDec_vmixHdmiTx/vivado/xilinx_zcu104_vcuDec_vmixHdmiTx_202110_1/xilinx_zcu104_vcuDec_vmixHdmiTx_202110_1.gen/sources_1/bd/xilinx_zcu104_vcuDec_vmixHdmiTx_202110_1/ipshared/66ea/hdl/axi_lite_ipif_v3_0_vh_rfs.vhd:1534]
INFO: [Synth 8-638] synthesizing module 'pselect_f__parameterized2' [/home/catmouse/VVAS/ivas-platforms/Embedded/zcu104_vcuDec_vmixHdmiTx/vivado/xilinx_zcu104_vcuDec_vmixHdmiTx_202110_1/xilinx_zcu104_vcuDec_vmixHdmiTx_202110_1.gen/sources_1/bd/xilinx_zcu104_vcuDec_vmixHdmiTx_202110_1/ipshared/66ea/hdl/axi_lite_ipif_v3_0_vh_rfs.vhd:1534]
INFO: [Synth 8-256] done synthesizing module 'pselect_f__parameterized2' (1#1) [/home/catmouse/VVAS/ivas-platforms/Embedded/zcu104_vcuDec_vmixHdmiTx/vivado/xilinx_zcu104_vcuDec_vmixHdmiTx_202110_1/xilinx_zcu104_vcuDec_vmixHdmiTx_202110_1.gen/sources_1/bd/xilinx_zcu104_vcuDec_vmixHdmiTx_202110_1/ipshared/66ea/hdl/axi_lite_ipif_v3_0_vh_rfs.vhd:1534]
INFO: [Synth 8-638] synthesizing module 'pselect_f__parameterized3' [/home/catmouse/VVAS/ivas-platforms/Embedded/zcu104_vcuDec_vmixHdmiTx/vivado/xilinx_zcu104_vcuDec_vmixHdmiTx_202110_1/xilinx_zcu104_vcuDec_vmixHdmiTx_202110_1.gen/sources_1/bd/xilinx_zcu104_vcuDec_vmixHdmiTx_202110_1/ipshared/66ea/hdl/axi_lite_ipif_v3_0_vh_rfs.vhd:1534]
INFO: [Synth 8-256] done synthesizing module 'pselect_f__parameterized3' (1#1) [/home/catmouse/VVAS/ivas-platforms/Embedded/zcu104_vcuDec_vmixHdmiTx/vivado/xilinx_zcu104_vcuDec_vmixHdmiTx_202110_1/xilinx_zcu104_vcuDec_vmixHdmiTx_202110_1.gen/sources_1/bd/xilinx_zcu104_vcuDec_vmixHdmiTx_202110_1/ipshared/66ea/hdl/axi_lite_ipif_v3_0_vh_rfs.vhd:1534]
INFO: [Synth 8-638] synthesizing module 'pselect_f__parameterized4' [/home/catmouse/VVAS/ivas-platforms/Embedded/zcu104_vcuDec_vmixHdmiTx/vivado/xilinx_zcu104_vcuDec_vmixHdmiTx_202110_1/xilinx_zcu104_vcuDec_vmixHdmiTx_202110_1.gen/sources_1/bd/xilinx_zcu104_vcuDec_vmixHdmiTx_202110_1/ipshared/66ea/hdl/axi_lite_ipif_v3_0_vh_rfs.vhd:1534]
INFO: [Synth 8-256] done synthesizing module 'pselect_f__parameterized4' (1#1) [/home/catmouse/VVAS/ivas-platforms/Embedded/zcu104_vcuDec_vmixHdmiTx/vivado/xilinx_zcu104_vcuDec_vmixHdmiTx_202110_1/xilinx_zcu104_vcuDec_vmixHdmiTx_202110_1.gen/sources_1/bd/xilinx_zcu104_vcuDec_vmixHdmiTx_202110_1/ipshared/66ea/hdl/axi_lite_ipif_v3_0_vh_rfs.vhd:1534]
INFO: [Synth 8-638] synthesizing module 'pselect_f__parameterized5' [/home/catmouse/VVAS/ivas-platforms/Embedded/zcu104_vcuDec_vmixHdmiTx/vivado/xilinx_zcu104_vcuDec_vmixHdmiTx_202110_1/xilinx_zcu104_vcuDec_vmixHdmiTx_202110_1.gen/sources_1/bd/xilinx_zcu104_vcuDec_vmixHdmiTx_202110_1/ipshared/66ea/hdl/axi_lite_ipif_v3_0_vh_rfs.vhd:1534]
INFO: [Synth 8-256] done synthesizing module 'pselect_f__parameterized5' (1#1) [/home/catmouse/VVAS/ivas-platforms/Embedded/zcu104_vcuDec_vmixHdmiTx/vivado/xilinx_zcu104_vcuDec_vmixHdmiTx_202110_1/xilinx_zcu104_vcuDec_vmixHdmiTx_202110_1.gen/sources_1/bd/xilinx_zcu104_vcuDec_vmixHdmiTx_202110_1/ipshared/66ea/hdl/axi_lite_ipif_v3_0_vh_rfs.vhd:1534]
INFO: [Synth 8-638] synthesizing module 'pselect_f__parameterized6' [/home/catmouse/VVAS/ivas-platforms/Embedded/zcu104_vcuDec_vmixHdmiTx/vivado/xilinx_zcu104_vcuDec_vmixHdmiTx_202110_1/xilinx_zcu104_vcuDec_vmixHdmiTx_202110_1.gen/sources_1/bd/xilinx_zcu104_vcuDec_vmixHdmiTx_202110_1/ipshared/66ea/hdl/axi_lite_ipif_v3_0_vh_rfs.vhd:1534]
INFO: [Synth 8-256] done synthesizing module 'pselect_f__parameterized6' (1#1) [/home/catmouse/VVAS/ivas-platforms/Embedded/zcu104_vcuDec_vmixHdmiTx/vivado/xilinx_zcu104_vcuDec_vmixHdmiTx_202110_1/xilinx_zcu104_vcuDec_vmixHdmiTx_202110_1.gen/sources_1/bd/xilinx_zcu104_vcuDec_vmixHdmiTx_202110_1/ipshared/66ea/hdl/axi_lite_ipif_v3_0_vh_rfs.vhd:1534]
INFO: [Synth 8-638] synthesizing module 'pselect_f__parameterized7' [/home/catmouse/VVAS/ivas-platforms/Embedded/zcu104_vcuDec_vmixHdmiTx/vivado/xilinx_zcu104_vcuDec_vmixHdmiTx_202110_1/xilinx_zcu104_vcuDec_vmixHdmiTx_202110_1.gen/sources_1/bd/xilinx_zcu104_vcuDec_vmixHdmiTx_202110_1/ipshared/66ea/hdl/axi_lite_ipif_v3_0_vh_rfs.vhd:1534]
INFO: [Synth 8-256] done synthesizing module 'pselect_f__parameterized7' (1#1) [/home/catmouse/VVAS/ivas-platforms/Embedded/zcu104_vcuDec_vmixHdmiTx/vivado/xilinx_zcu104_vcuDec_vmixHdmiTx_202110_1/xilinx_zcu104_vcuDec_vmixHdmiTx_202110_1.gen/sources_1/bd/xilinx_zcu104_vcuDec_vmixHdmiTx_202110_1/ipshared/66ea/hdl/axi_lite_ipif_v3_0_vh_rfs.vhd:1534]
INFO: [Synth 8-638] synthesizing module 'pselect_f__parameterized8' [/home/catmouse/VVAS/ivas-platforms/Embedded/zcu104_vcuDec_vmixHdmiTx/vivado/xilinx_zcu104_vcuDec_vmixHdmiTx_202110_1/xilinx_zcu104_vcuDec_vmixHdmiTx_202110_1.gen/sources_1/bd/xilinx_zcu104_vcuDec_vmixHdmiTx_202110_1/ipshared/66ea/hdl/axi_lite_ipif_v3_0_vh_rfs.vhd:1534]
INFO: [Synth 8-256] done synthesizing module 'pselect_f__parameterized8' (1#1) [/home/catmouse/VVAS/ivas-platforms/Embedded/zcu104_vcuDec_vmixHdmiTx/vivado/xilinx_zcu104_vcuDec_vmixHdmiTx_202110_1/xilinx_zcu104_vcuDec_vmixHdmiTx_202110_1.gen/sources_1/bd/xilinx_zcu104_vcuDec_vmixHdmiTx_202110_1/ipshared/66ea/hdl/axi_lite_ipif_v3_0_vh_rfs.vhd:1534]
INFO: [Synth 8-638] synthesizing module 'pselect_f__parameterized9' [/home/catmouse/VVAS/ivas-platforms/Embedded/zcu104_vcuDec_vmixHdmiTx/vivado/xilinx_zcu104_vcuDec_vmixHdmiTx_202110_1/xilinx_zcu104_vcuDec_vmixHdmiTx_202110_1.gen/sources_1/bd/xilinx_zcu104_vcuDec_vmixHdmiTx_202110_1/ipshared/66ea/hdl/axi_lite_ipif_v3_0_vh_rfs.vhd:1534]
INFO: [Synth 8-256] done synthesizing module 'pselect_f__parameterized9' (1#1) [/home/catmouse/VVAS/ivas-platforms/Embedded/zcu104_vcuDec_vmixHdmiTx/vivado/xilinx_zcu104_vcuDec_vmixHdmiTx_202110_1/xilinx_zcu104_vcuDec_vmixHdmiTx_202110_1.gen/sources_1/bd/xilinx_zcu104_vcuDec_vmixHdmiTx_202110_1/ipshared/66ea/hdl/axi_lite_ipif_v3_0_vh_rfs.vhd:1534]
INFO: [Synth 8-638] synthesizing module 'pselect_f__parameterized10' [/home/catmouse/VVAS/ivas-platforms/Embedded/zcu104_vcuDec_vmixHdmiTx/vivado/xilinx_zcu104_vcuDec_vmixHdmiTx_202110_1/xilinx_zcu104_vcuDec_vmixHdmiTx_202110_1.gen/sources_1/bd/xilinx_zcu104_vcuDec_vmixHdmiTx_202110_1/ipshared/66ea/hdl/axi_lite_ipif_v3_0_vh_rfs.vhd:1534]
INFO: [Synth 8-256] done synthesizing module 'pselect_f__parameterized10' (1#1) [/home/catmouse/VVAS/ivas-platforms/Embedded/zcu104_vcuDec_vmixHdmiTx/vivado/xilinx_zcu104_vcuDec_vmixHdmiTx_202110_1/xilinx_zcu104_vcuDec_vmixHdmiTx_202110_1.gen/sources_1/bd/xilinx_zcu104_vcuDec_vmixHdmiTx_202110_1/ipshared/66ea/hdl/axi_lite_ipif_v3_0_vh_rfs.vhd:1534]
INFO: [Synth 8-638] synthesizing module 'pselect_f__parameterized11' [/home/catmouse/VVAS/ivas-platforms/Embedded/zcu104_vcuDec_vmixHdmiTx/vivado/xilinx_zcu104_vcuDec_vmixHdmiTx_202110_1/xilinx_zcu104_vcuDec_vmixHdmiTx_202110_1.gen/sources_1/bd/xilinx_zcu104_vcuDec_vmixHdmiTx_202110_1/ipshared/66ea/hdl/axi_lite_ipif_v3_0_vh_rfs.vhd:1534]
INFO: [Synth 8-256] done synthesizing module 'pselect_f__parameterized11' (1#1) [/home/catmouse/VVAS/ivas-platforms/Embedded/zcu104_vcuDec_vmixHdmiTx/vivado/xilinx_zcu104_vcuDec_vmixHdmiTx_202110_1/xilinx_zcu104_vcuDec_vmixHdmiTx_202110_1.gen/sources_1/bd/xilinx_zcu104_vcuDec_vmixHdmiTx_202110_1/ipshared/66ea/hdl/axi_lite_ipif_v3_0_vh_rfs.vhd:1534]
INFO: [Synth 8-638] synthesizing module 'pselect_f__parameterized12' [/home/catmouse/VVAS/ivas-platforms/Embedded/zcu104_vcuDec_vmixHdmiTx/vivado/xilinx_zcu104_vcuDec_vmixHdmiTx_202110_1/xilinx_zcu104_vcuDec_vmixHdmiTx_202110_1.gen/sources_1/bd/xilinx_zcu104_vcuDec_vmixHdmiTx_202110_1/ipshared/66ea/hdl/axi_lite_ipif_v3_0_vh_rfs.vhd:1534]
INFO: [Synth 8-256] done synthesizing module 'pselect_f__parameterized12' (1#1) [/home/catmouse/VVAS/ivas-platforms/Embedded/zcu104_vcuDec_vmixHdmiTx/vivado/xilinx_zcu104_vcuDec_vmixHdmiTx_202110_1/xilinx_zcu104_vcuDec_vmixHdmiTx_202110_1.gen/sources_1/bd/xilinx_zcu104_vcuDec_vmixHdmiTx_202110_1/ipshared/66ea/hdl/axi_lite_ipif_v3_0_vh_rfs.vhd:1534]
INFO: [Synth 8-638] synthesizing module 'pselect_f__parameterized13' [/home/catmouse/VVAS/ivas-platforms/Embedded/zcu104_vcuDec_vmixHdmiTx/vivado/xilinx_zcu104_vcuDec_vmixHdmiTx_202110_1/xilinx_zcu104_vcuDec_vmixHdmiTx_202110_1.gen/sources_1/bd/xilinx_zcu104_vcuDec_vmixHdmiTx_202110_1/ipshared/66ea/hdl/axi_lite_ipif_v3_0_vh_rfs.vhd:1534]
INFO: [Synth 8-256] done synthesizing module 'pselect_f__parameterized13' (1#1) [/home/catmouse/VVAS/ivas-platforms/Embedded/zcu104_vcuDec_vmixHdmiTx/vivado/xilinx_zcu104_vcuDec_vmixHdmiTx_202110_1/xilinx_zcu104_vcuDec_vmixHdmiTx_202110_1.gen/sources_1/bd/xilinx_zcu104_vcuDec_vmixHdmiTx_202110_1/ipshared/66ea/hdl/axi_lite_ipif_v3_0_vh_rfs.vhd:1534]
INFO: [Synth 8-638] synthesizing module 'pselect_f__parameterized14' [/home/catmouse/VVAS/ivas-platforms/Embedded/zcu104_vcuDec_vmixHdmiTx/vivado/xilinx_zcu104_vcuDec_vmixHdmiTx_202110_1/xilinx_zcu104_vcuDec_vmixHdmiTx_202110_1.gen/sources_1/bd/xilinx_zcu104_vcuDec_vmixHdmiTx_202110_1/ipshared/66ea/hdl/axi_lite_ipif_v3_0_vh_rfs.vhd:1534]
INFO: [Synth 8-256] done synthesizing module 'pselect_f__parameterized14' (1#1) [/home/catmouse/VVAS/ivas-platforms/Embedded/zcu104_vcuDec_vmixHdmiTx/vivado/xilinx_zcu104_vcuDec_vmixHdmiTx_202110_1/xilinx_zcu104_vcuDec_vmixHdmiTx_202110_1.gen/sources_1/bd/xilinx_zcu104_vcuDec_vmixHdmiTx_202110_1/ipshared/66ea/hdl/axi_lite_ipif_v3_0_vh_rfs.vhd:1534]
INFO: [Synth 8-638] synthesizing module 'pselect_f__parameterized15' [/home/catmouse/VVAS/ivas-platforms/Embedded/zcu104_vcuDec_vmixHdmiTx/vivado/xilinx_zcu104_vcuDec_vmixHdmiTx_202110_1/xilinx_zcu104_vcuDec_vmixHdmiTx_202110_1.gen/sources_1/bd/xilinx_zcu104_vcuDec_vmixHdmiTx_202110_1/ipshared/66ea/hdl/axi_lite_ipif_v3_0_vh_rfs.vhd:1534]
INFO: [Synth 8-256] done synthesizing module 'pselect_f__parameterized15' (1#1) [/home/catmouse/VVAS/ivas-platforms/Embedded/zcu104_vcuDec_vmixHdmiTx/vivado/xilinx_zcu104_vcuDec_vmixHdmiTx_202110_1/xilinx_zcu104_vcuDec_vmixHdmiTx_202110_1.gen/sources_1/bd/xilinx_zcu104_vcuDec_vmixHdmiTx_202110_1/ipshared/66ea/hdl/axi_lite_ipif_v3_0_vh_rfs.vhd:1534]
INFO: [Synth 8-638] synthesizing module 'pselect_f__parameterized16' [/home/catmouse/VVAS/ivas-platforms/Embedded/zcu104_vcuDec_vmixHdmiTx/vivado/xilinx_zcu104_vcuDec_vmixHdmiTx_202110_1/xilinx_zcu104_vcuDec_vmixHdmiTx_202110_1.gen/sources_1/bd/xilinx_zcu104_vcuDec_vmixHdmiTx_202110_1/ipshared/66ea/hdl/axi_lite_ipif_v3_0_vh_rfs.vhd:1534]
INFO: [Synth 8-256] done synthesizing module 'pselect_f__parameterized16' (1#1) [/home/catmouse/VVAS/ivas-platforms/Embedded/zcu104_vcuDec_vmixHdmiTx/vivado/xilinx_zcu104_vcuDec_vmixHdmiTx_202110_1/xilinx_zcu104_vcuDec_vmixHdmiTx_202110_1.gen/sources_1/bd/xilinx_zcu104_vcuDec_vmixHdmiTx_202110_1/ipshared/66ea/hdl/axi_lite_ipif_v3_0_vh_rfs.vhd:1534]
INFO: [Synth 8-638] synthesizing module 'pselect_f__parameterized17' [/home/catmouse/VVAS/ivas-platforms/Embedded/zcu104_vcuDec_vmixHdmiTx/vivado/xilinx_zcu104_vcuDec_vmixHdmiTx_202110_1/xilinx_zcu104_vcuDec_vmixHdmiTx_202110_1.gen/sources_1/bd/xilinx_zcu104_vcuDec_vmixHdmiTx_202110_1/ipshared/66ea/hdl/axi_lite_ipif_v3_0_vh_rfs.vhd:1534]
INFO: [Synth 8-256] done synthesizing module 'pselect_f__parameterized17' (1#1) [/home/catmouse/VVAS/ivas-platforms/Embedded/zcu104_vcuDec_vmixHdmiTx/vivado/xilinx_zcu104_vcuDec_vmixHdmiTx_202110_1/xilinx_zcu104_vcuDec_vmixHdmiTx_202110_1.gen/sources_1/bd/xilinx_zcu104_vcuDec_vmixHdmiTx_202110_1/ipshared/66ea/hdl/axi_lite_ipif_v3_0_vh_rfs.vhd:1534]
INFO: [Synth 8-638] synthesizing module 'pselect_f__parameterized18' [/home/catmouse/VVAS/ivas-platforms/Embedded/zcu104_vcuDec_vmixHdmiTx/vivado/xilinx_zcu104_vcuDec_vmixHdmiTx_202110_1/xilinx_zcu104_vcuDec_vmixHdmiTx_202110_1.gen/sources_1/bd/xilinx_zcu104_vcuDec_vmixHdmiTx_202110_1/ipshared/66ea/hdl/axi_lite_ipif_v3_0_vh_rfs.vhd:1534]
INFO: [Synth 8-256] done synthesizing module 'pselect_f__parameterized18' (1#1) [/home/catmouse/VVAS/ivas-platforms/Embedded/zcu104_vcuDec_vmixHdmiTx/vivado/xilinx_zcu104_vcuDec_vmixHdmiTx_202110_1/xilinx_zcu104_vcuDec_vmixHdmiTx_202110_1.gen/sources_1/bd/xilinx_zcu104_vcuDec_vmixHdmiTx_202110_1/ipshared/66ea/hdl/axi_lite_ipif_v3_0_vh_rfs.vhd:1534]
INFO: [Synth 8-638] synthesizing module 'pselect_f__parameterized19' [/home/catmouse/VVAS/ivas-platforms/Embedded/zcu104_vcuDec_vmixHdmiTx/vivado/xilinx_zcu104_vcuDec_vmixHdmiTx_202110_1/xilinx_zcu104_vcuDec_vmixHdmiTx_202110_1.gen/sources_1/bd/xilinx_zcu104_vcuDec_vmixHdmiTx_202110_1/ipshared/66ea/hdl/axi_lite_ipif_v3_0_vh_rfs.vhd:1534]
INFO: [Synth 8-256] done synthesizing module 'pselect_f__parameterized19' (1#1) [/home/catmouse/VVAS/ivas-platforms/Embedded/zcu104_vcuDec_vmixHdmiTx/vivado/xilinx_zcu104_vcuDec_vmixHdmiTx_202110_1/xilinx_zcu104_vcuDec_vmixHdmiTx_202110_1.gen/sources_1/bd/xilinx_zcu104_vcuDec_vmixHdmiTx_202110_1/ipshared/66ea/hdl/axi_lite_ipif_v3_0_vh_rfs.vhd:1534]
INFO: [Synth 8-638] synthesizing module 'pselect_f__parameterized20' [/home/catmouse/VVAS/ivas-platforms/Embedded/zcu104_vcuDec_vmixHdmiTx/vivado/xilinx_zcu104_vcuDec_vmixHdmiTx_202110_1/xilinx_zcu104_vcuDec_vmixHdmiTx_202110_1.gen/sources_1/bd/xilinx_zcu104_vcuDec_vmixHdmiTx_202110_1/ipshared/66ea/hdl/axi_lite_ipif_v3_0_vh_rfs.vhd:1534]
INFO: [Synth 8-256] done synthesizing module 'pselect_f__parameterized20' (1#1) [/home/catmouse/VVAS/ivas-platforms/Embedded/zcu104_vcuDec_vmixHdmiTx/vivado/xilinx_zcu104_vcuDec_vmixHdmiTx_202110_1/xilinx_zcu104_vcuDec_vmixHdmiTx_202110_1.gen/sources_1/bd/xilinx_zcu104_vcuDec_vmixHdmiTx_202110_1/ipshared/66ea/hdl/axi_lite_ipif_v3_0_vh_rfs.vhd:1534]
INFO: [Synth 8-638] synthesizing module 'pselect_f__parameterized21' [/home/catmouse/VVAS/ivas-platforms/Embedded/zcu104_vcuDec_vmixHdmiTx/vivado/xilinx_zcu104_vcuDec_vmixHdmiTx_202110_1/xilinx_zcu104_vcuDec_vmixHdmiTx_202110_1.gen/sources_1/bd/xilinx_zcu104_vcuDec_vmixHdmiTx_202110_1/ipshared/66ea/hdl/axi_lite_ipif_v3_0_vh_rfs.vhd:1534]
INFO: [Synth 8-256] done synthesizing module 'pselect_f__parameterized21' (1#1) [/home/catmouse/VVAS/ivas-platforms/Embedded/zcu104_vcuDec_vmixHdmiTx/vivado/xilinx_zcu104_vcuDec_vmixHdmiTx_202110_1/xilinx_zcu104_vcuDec_vmixHdmiTx_202110_1.gen/sources_1/bd/xilinx_zcu104_vcuDec_vmixHdmiTx_202110_1/ipshared/66ea/hdl/axi_lite_ipif_v3_0_vh_rfs.vhd:1534]
INFO: [Synth 8-638] synthesizing module 'pselect_f__parameterized22' [/home/catmouse/VVAS/ivas-platforms/Embedded/zcu104_vcuDec_vmixHdmiTx/vivado/xilinx_zcu104_vcuDec_vmixHdmiTx_202110_1/xilinx_zcu104_vcuDec_vmixHdmiTx_202110_1.gen/sources_1/bd/xilinx_zcu104_vcuDec_vmixHdmiTx_202110_1/ipshared/66ea/hdl/axi_lite_ipif_v3_0_vh_rfs.vhd:1534]
INFO: [Synth 8-256] done synthesizing module 'pselect_f__parameterized22' (1#1) [/home/catmouse/VVAS/ivas-platforms/Embedded/zcu104_vcuDec_vmixHdmiTx/vivado/xilinx_zcu104_vcuDec_vmixHdmiTx_202110_1/xilinx_zcu104_vcuDec_vmixHdmiTx_202110_1.gen/sources_1/bd/xilinx_zcu104_vcuDec_vmixHdmiTx_202110_1/ipshared/66ea/hdl/axi_lite_ipif_v3_0_vh_rfs.vhd:1534]
INFO: [Synth 8-638] synthesizing module 'pselect_f__parameterized23' [/home/catmouse/VVAS/ivas-platforms/Embedded/zcu104_vcuDec_vmixHdmiTx/vivado/xilinx_zcu104_vcuDec_vmixHdmiTx_202110_1/xilinx_zcu104_vcuDec_vmixHdmiTx_202110_1.gen/sources_1/bd/xilinx_zcu104_vcuDec_vmixHdmiTx_202110_1/ipshared/66ea/hdl/axi_lite_ipif_v3_0_vh_rfs.vhd:1534]
INFO: [Synth 8-256] done synthesizing module 'pselect_f__parameterized23' (1#1) [/home/catmouse/VVAS/ivas-platforms/Embedded/zcu104_vcuDec_vmixHdmiTx/vivado/xilinx_zcu104_vcuDec_vmixHdmiTx_202110_1/xilinx_zcu104_vcuDec_vmixHdmiTx_202110_1.gen/sources_1/bd/xilinx_zcu104_vcuDec_vmixHdmiTx_202110_1/ipshared/66ea/hdl/axi_lite_ipif_v3_0_vh_rfs.vhd:1534]
INFO: [Synth 8-638] synthesizing module 'pselect_f__parameterized24' [/home/catmouse/VVAS/ivas-platforms/Embedded/zcu104_vcuDec_vmixHdmiTx/vivado/xilinx_zcu104_vcuDec_vmixHdmiTx_202110_1/xilinx_zcu104_vcuDec_vmixHdmiTx_202110_1.gen/sources_1/bd/xilinx_zcu104_vcuDec_vmixHdmiTx_202110_1/ipshared/66ea/hdl/axi_lite_ipif_v3_0_vh_rfs.vhd:1534]
INFO: [Synth 8-256] done synthesizing module 'pselect_f__parameterized24' (1#1) [/home/catmouse/VVAS/ivas-platforms/Embedded/zcu104_vcuDec_vmixHdmiTx/vivado/xilinx_zcu104_vcuDec_vmixHdmiTx_202110_1/xilinx_zcu104_vcuDec_vmixHdmiTx_202110_1.gen/sources_1/bd/xilinx_zcu104_vcuDec_vmixHdmiTx_202110_1/ipshared/66ea/hdl/axi_lite_ipif_v3_0_vh_rfs.vhd:1534]
INFO: [Synth 8-638] synthesizing module 'pselect_f__parameterized25' [/home/catmouse/VVAS/ivas-platforms/Embedded/zcu104_vcuDec_vmixHdmiTx/vivado/xilinx_zcu104_vcuDec_vmixHdmiTx_202110_1/xilinx_zcu104_vcuDec_vmixHdmiTx_202110_1.gen/sources_1/bd/xilinx_zcu104_vcuDec_vmixHdmiTx_202110_1/ipshared/66ea/hdl/axi_lite_ipif_v3_0_vh_rfs.vhd:1534]
INFO: [Synth 8-256] done synthesizing module 'pselect_f__parameterized25' (1#1) [/home/catmouse/VVAS/ivas-platforms/Embedded/zcu104_vcuDec_vmixHdmiTx/vivado/xilinx_zcu104_vcuDec_vmixHdmiTx_202110_1/xilinx_zcu104_vcuDec_vmixHdmiTx_202110_1.gen/sources_1/bd/xilinx_zcu104_vcuDec_vmixHdmiTx_202110_1/ipshared/66ea/hdl/axi_lite_ipif_v3_0_vh_rfs.vhd:1534]
INFO: [Synth 8-638] synthesizing module 'pselect_f__parameterized26' [/home/catmouse/VVAS/ivas-platforms/Embedded/zcu104_vcuDec_vmixHdmiTx/vivado/xilinx_zcu104_vcuDec_vmixHdmiTx_202110_1/xilinx_zcu104_vcuDec_vmixHdmiTx_202110_1.gen/sources_1/bd/xilinx_zcu104_vcuDec_vmixHdmiTx_202110_1/ipshared/66ea/hdl/axi_lite_ipif_v3_0_vh_rfs.vhd:1534]
INFO: [Synth 8-256] done synthesizing module 'pselect_f__parameterized26' (1#1) [/home/catmouse/VVAS/ivas-platforms/Embedded/zcu104_vcuDec_vmixHdmiTx/vivado/xilinx_zcu104_vcuDec_vmixHdmiTx_202110_1/xilinx_zcu104_vcuDec_vmixHdmiTx_202110_1.gen/sources_1/bd/xilinx_zcu104_vcuDec_vmixHdmiTx_202110_1/ipshared/66ea/hdl/axi_lite_ipif_v3_0_vh_rfs.vhd:1534]
INFO: [Synth 8-638] synthesizing module 'pselect_f__parameterized27' [/home/catmouse/VVAS/ivas-platforms/Embedded/zcu104_vcuDec_vmixHdmiTx/vivado/xilinx_zcu104_vcuDec_vmixHdmiTx_202110_1/xilinx_zcu104_vcuDec_vmixHdmiTx_202110_1.gen/sources_1/bd/xilinx_zcu104_vcuDec_vmixHdmiTx_202110_1/ipshared/66ea/hdl/axi_lite_ipif_v3_0_vh_rfs.vhd:1534]
INFO: [Synth 8-256] done synthesizing module 'pselect_f__parameterized27' (1#1) [/home/catmouse/VVAS/ivas-platforms/Embedded/zcu104_vcuDec_vmixHdmiTx/vivado/xilinx_zcu104_vcuDec_vmixHdmiTx_202110_1/xilinx_zcu104_vcuDec_vmixHdmiTx_202110_1.gen/sources_1/bd/xilinx_zcu104_vcuDec_vmixHdmiTx_202110_1/ipshared/66ea/hdl/axi_lite_ipif_v3_0_vh_rfs.vhd:1534]
INFO: [Synth 8-638] synthesizing module 'pselect_f__parameterized28' [/home/catmouse/VVAS/ivas-platforms/Embedded/zcu104_vcuDec_vmixHdmiTx/vivado/xilinx_zcu104_vcuDec_vmixHdmiTx_202110_1/xilinx_zcu104_vcuDec_vmixHdmiTx_202110_1.gen/sources_1/bd/xilinx_zcu104_vcuDec_vmixHdmiTx_202110_1/ipshared/66ea/hdl/axi_lite_ipif_v3_0_vh_rfs.vhd:1534]
INFO: [Synth 8-256] done synthesizing module 'pselect_f__parameterized28' (1#1) [/home/catmouse/VVAS/ivas-platforms/Embedded/zcu104_vcuDec_vmixHdmiTx/vivado/xilinx_zcu104_vcuDec_vmixHdmiTx_202110_1/xilinx_zcu104_vcuDec_vmixHdmiTx_202110_1.gen/sources_1/bd/xilinx_zcu104_vcuDec_vmixHdmiTx_202110_1/ipshared/66ea/hdl/axi_lite_ipif_v3_0_vh_rfs.vhd:1534]
INFO: [Synth 8-638] synthesizing module 'pselect_f__parameterized29' [/home/catmouse/VVAS/ivas-platforms/Embedded/zcu104_vcuDec_vmixHdmiTx/vivado/xilinx_zcu104_vcuDec_vmixHdmiTx_202110_1/xilinx_zcu104_vcuDec_vmixHdmiTx_202110_1.gen/sources_1/bd/xilinx_zcu104_vcuDec_vmixHdmiTx_202110_1/ipshared/66ea/hdl/axi_lite_ipif_v3_0_vh_rfs.vhd:1534]
INFO: [Synth 8-256] done synthesizing module 'pselect_f__parameterized29' (1#1) [/home/catmouse/VVAS/ivas-platforms/Embedded/zcu104_vcuDec_vmixHdmiTx/vivado/xilinx_zcu104_vcuDec_vmixHdmiTx_202110_1/xilinx_zcu104_vcuDec_vmixHdmiTx_202110_1.gen/sources_1/bd/xilinx_zcu104_vcuDec_vmixHdmiTx_202110_1/ipshared/66ea/hdl/axi_lite_ipif_v3_0_vh_rfs.vhd:1534]
INFO: [Synth 8-638] synthesizing module 'pselect_f__parameterized30' [/home/catmouse/VVAS/ivas-platforms/Embedded/zcu104_vcuDec_vmixHdmiTx/vivado/xilinx_zcu104_vcuDec_vmixHdmiTx_202110_1/xilinx_zcu104_vcuDec_vmixHdmiTx_202110_1.gen/sources_1/bd/xilinx_zcu104_vcuDec_vmixHdmiTx_202110_1/ipshared/66ea/hdl/axi_lite_ipif_v3_0_vh_rfs.vhd:1534]
INFO: [Synth 8-256] done synthesizing module 'pselect_f__parameterized30' (1#1) [/home/catmouse/VVAS/ivas-platforms/Embedded/zcu104_vcuDec_vmixHdmiTx/vivado/xilinx_zcu104_vcuDec_vmixHdmiTx_202110_1/xilinx_zcu104_vcuDec_vmixHdmiTx_202110_1.gen/sources_1/bd/xilinx_zcu104_vcuDec_vmixHdmiTx_202110_1/ipshared/66ea/hdl/axi_lite_ipif_v3_0_vh_rfs.vhd:1534]
INFO: [Synth 8-638] synthesizing module 'pselect_f__parameterized31' [/home/catmouse/VVAS/ivas-platforms/Embedded/zcu104_vcuDec_vmixHdmiTx/vivado/xilinx_zcu104_vcuDec_vmixHdmiTx_202110_1/xilinx_zcu104_vcuDec_vmixHdmiTx_202110_1.gen/sources_1/bd/xilinx_zcu104_vcuDec_vmixHdmiTx_202110_1/ipshared/66ea/hdl/axi_lite_ipif_v3_0_vh_rfs.vhd:1534]
INFO: [Synth 8-256] done synthesizing module 'pselect_f__parameterized31' (1#1) [/home/catmouse/VVAS/ivas-platforms/Embedded/zcu104_vcuDec_vmixHdmiTx/vivado/xilinx_zcu104_vcuDec_vmixHdmiTx_202110_1/xilinx_zcu104_vcuDec_vmixHdmiTx_202110_1.gen/sources_1/bd/xilinx_zcu104_vcuDec_vmixHdmiTx_202110_1/ipshared/66ea/hdl/axi_lite_ipif_v3_0_vh_rfs.vhd:1534]
INFO: [Synth 8-638] synthesizing module 'pselect_f__parameterized32' [/home/catmouse/VVAS/ivas-platforms/Embedded/zcu104_vcuDec_vmixHdmiTx/vivado/xilinx_zcu104_vcuDec_vmixHdmiTx_202110_1/xilinx_zcu104_vcuDec_vmixHdmiTx_202110_1.gen/sources_1/bd/xilinx_zcu104_vcuDec_vmixHdmiTx_202110_1/ipshared/66ea/hdl/axi_lite_ipif_v3_0_vh_rfs.vhd:1534]
INFO: [Synth 8-256] done synthesizing module 'pselect_f__parameterized32' (1#1) [/home/catmouse/VVAS/ivas-platforms/Embedded/zcu104_vcuDec_vmixHdmiTx/vivado/xilinx_zcu104_vcuDec_vmixHdmiTx_202110_1/xilinx_zcu104_vcuDec_vmixHdmiTx_202110_1.gen/sources_1/bd/xilinx_zcu104_vcuDec_vmixHdmiTx_202110_1/ipshared/66ea/hdl/axi_lite_ipif_v3_0_vh_rfs.vhd:1534]
INFO: [Synth 8-638] synthesizing module 'pselect_f__parameterized33' [/home/catmouse/VVAS/ivas-platforms/Embedded/zcu104_vcuDec_vmixHdmiTx/vivado/xilinx_zcu104_vcuDec_vmixHdmiTx_202110_1/xilinx_zcu104_vcuDec_vmixHdmiTx_202110_1.gen/sources_1/bd/xilinx_zcu104_vcuDec_vmixHdmiTx_202110_1/ipshared/66ea/hdl/axi_lite_ipif_v3_0_vh_rfs.vhd:1534]
INFO: [Synth 8-256] done synthesizing module 'pselect_f__parameterized33' (1#1) [/home/catmouse/VVAS/ivas-platforms/Embedded/zcu104_vcuDec_vmixHdmiTx/vivado/xilinx_zcu104_vcuDec_vmixHdmiTx_202110_1/xilinx_zcu104_vcuDec_vmixHdmiTx_202110_1.gen/sources_1/bd/xilinx_zcu104_vcuDec_vmixHdmiTx_202110_1/ipshared/66ea/hdl/axi_lite_ipif_v3_0_vh_rfs.vhd:1534]
INFO: [Synth 8-638] synthesizing module 'pselect_f__parameterized34' [/home/catmouse/VVAS/ivas-platforms/Embedded/zcu104_vcuDec_vmixHdmiTx/vivado/xilinx_zcu104_vcuDec_vmixHdmiTx_202110_1/xilinx_zcu104_vcuDec_vmixHdmiTx_202110_1.gen/sources_1/bd/xilinx_zcu104_vcuDec_vmixHdmiTx_202110_1/ipshared/66ea/hdl/axi_lite_ipif_v3_0_vh_rfs.vhd:1534]
INFO: [Synth 8-256] done synthesizing module 'pselect_f__parameterized34' (1#1) [/home/catmouse/VVAS/ivas-platforms/Embedded/zcu104_vcuDec_vmixHdmiTx/vivado/xilinx_zcu104_vcuDec_vmixHdmiTx_202110_1/xilinx_zcu104_vcuDec_vmixHdmiTx_202110_1.gen/sources_1/bd/xilinx_zcu104_vcuDec_vmixHdmiTx_202110_1/ipshared/66ea/hdl/axi_lite_ipif_v3_0_vh_rfs.vhd:1534]
INFO: [Synth 8-638] synthesizing module 'pselect_f__parameterized35' [/home/catmouse/VVAS/ivas-platforms/Embedded/zcu104_vcuDec_vmixHdmiTx/vivado/xilinx_zcu104_vcuDec_vmixHdmiTx_202110_1/xilinx_zcu104_vcuDec_vmixHdmiTx_202110_1.gen/sources_1/bd/xilinx_zcu104_vcuDec_vmixHdmiTx_202110_1/ipshared/66ea/hdl/axi_lite_ipif_v3_0_vh_rfs.vhd:1534]
INFO: [Synth 8-256] done synthesizing module 'pselect_f__parameterized35' (1#1) [/home/catmouse/VVAS/ivas-platforms/Embedded/zcu104_vcuDec_vmixHdmiTx/vivado/xilinx_zcu104_vcuDec_vmixHdmiTx_202110_1/xilinx_zcu104_vcuDec_vmixHdmiTx_202110_1.gen/sources_1/bd/xilinx_zcu104_vcuDec_vmixHdmiTx_202110_1/ipshared/66ea/hdl/axi_lite_ipif_v3_0_vh_rfs.vhd:1534]
INFO: [Synth 8-256] done synthesizing module 'address_decoder' (2#1) [/home/catmouse/VVAS/ivas-platforms/Embedded/zcu104_vcuDec_vmixHdmiTx/vivado/xilinx_zcu104_vcuDec_vmixHdmiTx_202110_1/xilinx_zcu104_vcuDec_vmixHdmiTx_202110_1.gen/sources_1/bd/xilinx_zcu104_vcuDec_vmixHdmiTx_202110_1/ipshared/66ea/hdl/axi_lite_ipif_v3_0_vh_rfs.vhd:1775]
INFO: [Synth 8-226] default block is never used [/home/catmouse/VVAS/ivas-platforms/Embedded/zcu104_vcuDec_vmixHdmiTx/vivado/xilinx_zcu104_vcuDec_vmixHdmiTx_202110_1/xilinx_zcu104_vcuDec_vmixHdmiTx_202110_1.gen/sources_1/bd/xilinx_zcu104_vcuDec_vmixHdmiTx_202110_1/ipshared/66ea/hdl/axi_lite_ipif_v3_0_vh_rfs.vhd:2550]
INFO: [Synth 8-256] done synthesizing module 'slave_attachment' (3#1) [/home/catmouse/VVAS/ivas-platforms/Embedded/zcu104_vcuDec_vmixHdmiTx/vivado/xilinx_zcu104_vcuDec_vmixHdmiTx_202110_1/xilinx_zcu104_vcuDec_vmixHdmiTx_202110_1.gen/sources_1/bd/xilinx_zcu104_vcuDec_vmixHdmiTx_202110_1/ipshared/66ea/hdl/axi_lite_ipif_v3_0_vh_rfs.vhd:2341]
INFO: [Synth 8-256] done synthesizing module 'axi_lite_ipif' (4#1) [/home/catmouse/VVAS/ivas-platforms/Embedded/zcu104_vcuDec_vmixHdmiTx/vivado/xilinx_zcu104_vcuDec_vmixHdmiTx_202110_1/xilinx_zcu104_vcuDec_vmixHdmiTx_202110_1.gen/sources_1/bd/xilinx_zcu104_vcuDec_vmixHdmiTx_202110_1/ipshared/66ea/hdl/axi_lite_ipif_v3_0_vh_rfs.vhd:2948]
INFO: [Synth 8-638] synthesizing module 'interrupt_control' [/home/catmouse/VVAS/ivas-platforms/Embedded/zcu104_vcuDec_vmixHdmiTx/vivado/xilinx_zcu104_vcuDec_vmixHdmiTx_202110_1/xilinx_zcu104_vcuDec_vmixHdmiTx_202110_1.gen/sources_1/bd/xilinx_zcu104_vcuDec_vmixHdmiTx_202110_1/ipshared/a040/hdl/interrupt_control_v3_1_vh_rfs.vhd:259]
INFO: [Synth 8-256] done synthesizing module 'interrupt_control' (5#1) [/home/catmouse/VVAS/ivas-platforms/Embedded/zcu104_vcuDec_vmixHdmiTx/vivado/xilinx_zcu104_vcuDec_vmixHdmiTx_202110_1/xilinx_zcu104_vcuDec_vmixHdmiTx_202110_1.gen/sources_1/bd/xilinx_zcu104_vcuDec_vmixHdmiTx_202110_1/ipshared/a040/hdl/interrupt_control_v3_1_vh_rfs.vhd:259]
INFO: [Synth 8-638] synthesizing module 'soft_reset' [/home/catmouse/VVAS/ivas-platforms/Embedded/zcu104_vcuDec_vmixHdmiTx/vivado/xilinx_zcu104_vcuDec_vmixHdmiTx_202110_1/xilinx_zcu104_vcuDec_vmixHdmiTx_202110_1.gen/sources_1/bd/xilinx_zcu104_vcuDec_vmixHdmiTx_202110_1/ipshared/68d2/hdl/axi_iic_v2_1_vh_rfs.vhd:141]
INFO: [Synth 8-113] binding component instance 'RST_FLOPS' to cell 'FDRSE' [/home/catmouse/VVAS/ivas-platforms/Embedded/zcu104_vcuDec_vmixHdmiTx/vivado/xilinx_zcu104_vcuDec_vmixHdmiTx_202110_1/xilinx_zcu104_vcuDec_vmixHdmiTx_202110_1.gen/sources_1/bd/xilinx_zcu104_vcuDec_vmixHdmiTx_202110_1/ipshared/68d2/hdl/axi_iic_v2_1_vh_rfs.vhd:272]
INFO: [Synth 8-113] binding component instance 'RST_FLOPS' to cell 'FDRSE' [/home/catmouse/VVAS/ivas-platforms/Embedded/zcu104_vcuDec_vmixHdmiTx/vivado/xilinx_zcu104_vcuDec_vmixHdmiTx_202110_1/xilinx_zcu104_vcuDec_vmixHdmiTx_202110_1.gen/sources_1/bd/xilinx_zcu104_vcuDec_vmixHdmiTx_202110_1/ipshared/68d2/hdl/axi_iic_v2_1_vh_rfs.vhd:272]
INFO: [Synth 8-113] binding component instance 'RST_FLOPS' to cell 'FDRSE' [/home/catmouse/VVAS/ivas-platforms/Embedded/zcu104_vcuDec_vmixHdmiTx/vivado/xilinx_zcu104_vcuDec_vmixHdmiTx_202110_1/xilinx_zcu104_vcuDec_vmixHdmiTx_202110_1.gen/sources_1/bd/xilinx_zcu104_vcuDec_vmixHdmiTx_202110_1/ipshared/68d2/hdl/axi_iic_v2_1_vh_rfs.vhd:272]
INFO: [Synth 8-113] binding component instance 'RST_FLOPS' to cell 'FDRSE' [/home/catmouse/VVAS/ivas-platforms/Embedded/zcu104_vcuDec_vmixHdmiTx/vivado/xilinx_zcu104_vcuDec_vmixHdmiTx_202110_1/xilinx_zcu104_vcuDec_vmixHdmiTx_202110_1.gen/sources_1/bd/xilinx_zcu104_vcuDec_vmixHdmiTx_202110_1/ipshared/68d2/hdl/axi_iic_v2_1_vh_rfs.vhd:272]
INFO: [Synth 8-113] binding component instance 'FF_WRACK' to cell 'FDRSE' [/home/catmouse/VVAS/ivas-platforms/Embedded/zcu104_vcuDec_vmixHdmiTx/vivado/xilinx_zcu104_vcuDec_vmixHdmiTx_202110_1/xilinx_zcu104_vcuDec_vmixHdmiTx_202110_1.gen/sources_1/bd/xilinx_zcu104_vcuDec_vmixHdmiTx_202110_1/ipshared/68d2/hdl/axi_iic_v2_1_vh_rfs.vhd:295]
INFO: [Synth 8-256] done synthesizing module 'soft_reset' (6#1) [/home/catmouse/VVAS/ivas-platforms/Embedded/zcu104_vcuDec_vmixHdmiTx/vivado/xilinx_zcu104_vcuDec_vmixHdmiTx_202110_1/xilinx_zcu104_vcuDec_vmixHdmiTx_202110_1.gen/sources_1/bd/xilinx_zcu104_vcuDec_vmixHdmiTx_202110_1/ipshared/68d2/hdl/axi_iic_v2_1_vh_rfs.vhd:141]
INFO: [Synth 8-256] done synthesizing module 'axi_ipif_ssp1' (7#1) [/home/catmouse/VVAS/ivas-platforms/Embedded/zcu104_vcuDec_vmixHdmiTx/vivado/xilinx_zcu104_vcuDec_vmixHdmiTx_202110_1/xilinx_zcu104_vcuDec_vmixHdmiTx_202110_1.gen/sources_1/bd/xilinx_zcu104_vcuDec_vmixHdmiTx_202110_1/ipshared/68d2/hdl/axi_iic_v2_1_vh_rfs.vhd:5677]
INFO: [Synth 8-638] synthesizing module 'reg_interface' [/home/catmouse/VVAS/ivas-platforms/Embedded/zcu104_vcuDec_vmixHdmiTx/vivado/xilinx_zcu104_vcuDec_vmixHdmiTx_202110_1/xilinx_zcu104_vcuDec_vmixHdmiTx_202110_1.gen/sources_1/bd/xilinx_zcu104_vcuDec_vmixHdmiTx_202110_1/ipshared/68d2/hdl/axi_iic_v2_1_vh_rfs.vhd:1685]
INFO: [Synth 8-256] done synthesizing module 'reg_interface' (8#1) [/home/catmouse/VVAS/ivas-platforms/Embedded/zcu104_vcuDec_vmixHdmiTx/vivado/xilinx_zcu104_vcuDec_vmixHdmiTx_202110_1/xilinx_zcu104_vcuDec_vmixHdmiTx_202110_1.gen/sources_1/bd/xilinx_zcu104_vcuDec_vmixHdmiTx_202110_1/ipshared/68d2/hdl/axi_iic_v2_1_vh_rfs.vhd:1685]
INFO: [Synth 8-638] synthesizing module 'filter' [/home/catmouse/VVAS/ivas-platforms/Embedded/zcu104_vcuDec_vmixHdmiTx/vivado/xilinx_zcu104_vcuDec_vmixHdmiTx_202110_1/xilinx_zcu104_vcuDec_vmixHdmiTx_202110_1.gen/sources_1/bd/xilinx_zcu104_vcuDec_vmixHdmiTx_202110_1/ipshared/68d2/hdl/axi_iic_v2_1_vh_rfs.vhd:5001]
INFO: [Synth 8-638] synthesizing module 'debounce' [/home/catmouse/VVAS/ivas-platforms/Embedded/zcu104_vcuDec_vmixHdmiTx/vivado/xilinx_zcu104_vcuDec_vmixHdmiTx_202110_1/xilinx_zcu104_vcuDec_vmixHdmiTx_202110_1.gen/sources_1/bd/xilinx_zcu104_vcuDec_vmixHdmiTx_202110_1/ipshared/68d2/hdl/axi_iic_v2_1_vh_rfs.vhd:1315]
INFO: [Synth 8-638] synthesizing module 'cdc_sync' [/home/catmouse/VVAS/ivas-platforms/Embedded/zcu104_vcuDec_vmixHdmiTx/vivado/xilinx_zcu104_vcuDec_vmixHdmiTx_202110_1/xilinx_zcu104_vcuDec_vmixHdmiTx_202110_1.gen/sources_1/bd/xilinx_zcu104_vcuDec_vmixHdmiTx_202110_1/ipshared/ef1e/hdl/lib_cdc_v1_0_rfs.vhd:106]
	Parameter INIT bound to: 1'b0 
INFO: [Synth 8-113] binding component instance 'CROSS_PLEVEL_IN2SCNDRY_IN_cdc_to' to cell 'FDR' [/home/catmouse/VVAS/ivas-platforms/Embedded/zcu104_vcuDec_vmixHdmiTx/vivado/xilinx_zcu104_vcuDec_vmixHdmiTx_202110_1/xilinx_zcu104_vcuDec_vmixHdmiTx_202110_1.gen/sources_1/bd/xilinx_zcu104_vcuDec_vmixHdmiTx_202110_1/ipshared/ef1e/hdl/lib_cdc_v1_0_rfs.vhd:514]
	Parameter INIT bound to: 1'b0 
INFO: [Synth 8-113] binding component instance 'CROSS_PLEVEL_IN2SCNDRY_s_level_out_d2' to cell 'FDR' [/home/catmouse/VVAS/ivas-platforms/Embedded/zcu104_vcuDec_vmixHdmiTx/vivado/xilinx_zcu104_vcuDec_vmixHdmiTx_202110_1/xilinx_zcu104_vcuDec_vmixHdmiTx_202110_1.gen/sources_1/bd/xilinx_zcu104_vcuDec_vmixHdmiTx_202110_1/ipshared/ef1e/hdl/lib_cdc_v1_0_rfs.vhd:545]
	Parameter INIT bound to: 1'b0 
INFO: [Synth 8-113] binding component instance 'CROSS_PLEVEL_IN2SCNDRY_s_level_out_d3' to cell 'FDR' [/home/catmouse/VVAS/ivas-platforms/Embedded/zcu104_vcuDec_vmixHdmiTx/vivado/xilinx_zcu104_vcuDec_vmixHdmiTx_202110_1/xilinx_zcu104_vcuDec_vmixHdmiTx_202110_1.gen/sources_1/bd/xilinx_zcu104_vcuDec_vmixHdmiTx_202110_1/ipshared/ef1e/hdl/lib_cdc_v1_0_rfs.vhd:554]
	Parameter INIT bound to: 1'b0 
INFO: [Synth 8-113] binding component instance 'CROSS_PLEVEL_IN2SCNDRY_s_level_out_d4' to cell 'FDR' [/home/catmouse/VVAS/ivas-platforms/Embedded/zcu104_vcuDec_vmixHdmiTx/vivado/xilinx_zcu104_vcuDec_vmixHdmiTx_202110_1/xilinx_zcu104_vcuDec_vmixHdmiTx_202110_1.gen/sources_1/bd/xilinx_zcu104_vcuDec_vmixHdmiTx_202110_1/ipshared/ef1e/hdl/lib_cdc_v1_0_rfs.vhd:564]
	Parameter INIT bound to: 1'b0 
INFO: [Synth 8-113] binding component instance 'CROSS_PLEVEL_IN2SCNDRY_s_level_out_d5' to cell 'FDR' [/home/catmouse/VVAS/ivas-platforms/Embedded/zcu104_vcuDec_vmixHdmiTx/vivado/xilinx_zcu104_vcuDec_vmixHdmiTx_202110_1/xilinx_zcu104_vcuDec_vmixHdmiTx_202110_1.gen/sources_1/bd/xilinx_zcu104_vcuDec_vmixHdmiTx_202110_1/ipshared/ef1e/hdl/lib_cdc_v1_0_rfs.vhd:574]
	Parameter INIT bound to: 1'b0 
INFO: [Synth 8-113] binding component instance 'CROSS_PLEVEL_IN2SCNDRY_s_level_out_d6' to cell 'FDR' [/home/catmouse/VVAS/ivas-platforms/Embedded/zcu104_vcuDec_vmixHdmiTx/vivado/xilinx_zcu104_vcuDec_vmixHdmiTx_202110_1/xilinx_zcu104_vcuDec_vmixHdmiTx_202110_1.gen/sources_1/bd/xilinx_zcu104_vcuDec_vmixHdmiTx_202110_1/ipshared/ef1e/hdl/lib_cdc_v1_0_rfs.vhd:584]
INFO: [Synth 8-256] done synthesizing module 'cdc_sync' (9#1) [/home/catmouse/VVAS/ivas-platforms/Embedded/zcu104_vcuDec_vmixHdmiTx/vivado/xilinx_zcu104_vcuDec_vmixHdmiTx_202110_1/xilinx_zcu104_vcuDec_vmixHdmiTx_202110_1.gen/sources_1/bd/xilinx_zcu104_vcuDec_vmixHdmiTx_202110_1/ipshared/ef1e/hdl/lib_cdc_v1_0_rfs.vhd:106]
INFO: [Synth 8-256] done synthesizing module 'debounce' (10#1) [/home/catmouse/VVAS/ivas-platforms/Embedded/zcu104_vcuDec_vmixHdmiTx/vivado/xilinx_zcu104_vcuDec_vmixHdmiTx_202110_1/xilinx_zcu104_vcuDec_vmixHdmiTx_202110_1.gen/sources_1/bd/xilinx_zcu104_vcuDec_vmixHdmiTx_202110_1/ipshared/68d2/hdl/axi_iic_v2_1_vh_rfs.vhd:1315]
INFO: [Synth 8-256] done synthesizing module 'filter' (11#1) [/home/catmouse/VVAS/ivas-platforms/Embedded/zcu104_vcuDec_vmixHdmiTx/vivado/xilinx_zcu104_vcuDec_vmixHdmiTx_202110_1/xilinx_zcu104_vcuDec_vmixHdmiTx_202110_1.gen/sources_1/bd/xilinx_zcu104_vcuDec_vmixHdmiTx_202110_1/ipshared/68d2/hdl/axi_iic_v2_1_vh_rfs.vhd:5001]
INFO: [Synth 8-638] synthesizing module 'iic_control' [/home/catmouse/VVAS/ivas-platforms/Embedded/zcu104_vcuDec_vmixHdmiTx/vivado/xilinx_zcu104_vcuDec_vmixHdmiTx_202110_1/xilinx_zcu104_vcuDec_vmixHdmiTx_202110_1.gen/sources_1/bd/xilinx_zcu104_vcuDec_vmixHdmiTx_202110_1/ipshared/68d2/hdl/axi_iic_v2_1_vh_rfs.vhd:2919]
INFO: [Synth 8-638] synthesizing module 'upcnt_n' [/home/catmouse/VVAS/ivas-platforms/Embedded/zcu104_vcuDec_vmixHdmiTx/vivado/xilinx_zcu104_vcuDec_vmixHdmiTx_202110_1/xilinx_zcu104_vcuDec_vmixHdmiTx_202110_1.gen/sources_1/bd/xilinx_zcu104_vcuDec_vmixHdmiTx_202110_1/ipshared/68d2/hdl/axi_iic_v2_1_vh_rfs.vhd:740]
INFO: [Synth 8-256] done synthesizing module 'upcnt_n' (12#1) [/home/catmouse/VVAS/ivas-platforms/Embedded/zcu104_vcuDec_vmixHdmiTx/vivado/xilinx_zcu104_vcuDec_vmixHdmiTx_202110_1/xilinx_zcu104_vcuDec_vmixHdmiTx_202110_1.gen/sources_1/bd/xilinx_zcu104_vcuDec_vmixHdmiTx_202110_1/ipshared/68d2/hdl/axi_iic_v2_1_vh_rfs.vhd:740]
INFO: [Synth 8-638] synthesizing module 'shift8' [/home/catmouse/VVAS/ivas-platforms/Embedded/zcu104_vcuDec_vmixHdmiTx/vivado/xilinx_zcu104_vcuDec_vmixHdmiTx_202110_1/xilinx_zcu104_vcuDec_vmixHdmiTx_202110_1.gen/sources_1/bd/xilinx_zcu104_vcuDec_vmixHdmiTx_202110_1/ipshared/68d2/hdl/axi_iic_v2_1_vh_rfs.vhd:897]
INFO: [Synth 8-256] done synthesizing module 'shift8' (13#1) [/home/catmouse/VVAS/ivas-platforms/Embedded/zcu104_vcuDec_vmixHdmiTx/vivado/xilinx_zcu104_vcuDec_vmixHdmiTx_202110_1/xilinx_zcu104_vcuDec_vmixHdmiTx_202110_1.gen/sources_1/bd/xilinx_zcu104_vcuDec_vmixHdmiTx_202110_1/ipshared/68d2/hdl/axi_iic_v2_1_vh_rfs.vhd:897]
INFO: [Synth 8-638] synthesizing module 'upcnt_n__parameterized0' [/home/catmouse/VVAS/ivas-platforms/Embedded/zcu104_vcuDec_vmixHdmiTx/vivado/xilinx_zcu104_vcuDec_vmixHdmiTx_202110_1/xilinx_zcu104_vcuDec_vmixHdmiTx_202110_1.gen/sources_1/bd/xilinx_zcu104_vcuDec_vmixHdmiTx_202110_1/ipshared/68d2/hdl/axi_iic_v2_1_vh_rfs.vhd:740]
INFO: [Synth 8-256] done synthesizing module 'upcnt_n__parameterized0' (13#1) [/home/catmouse/VVAS/ivas-platforms/Embedded/zcu104_vcuDec_vmixHdmiTx/vivado/xilinx_zcu104_vcuDec_vmixHdmiTx_202110_1/xilinx_zcu104_vcuDec_vmixHdmiTx_202110_1.gen/sources_1/bd/xilinx_zcu104_vcuDec_vmixHdmiTx_202110_1/ipshared/68d2/hdl/axi_iic_v2_1_vh_rfs.vhd:740]
INFO: [Synth 8-256] done synthesizing module 'iic_control' (14#1) [/home/catmouse/VVAS/ivas-platforms/Embedded/zcu104_vcuDec_vmixHdmiTx/vivado/xilinx_zcu104_vcuDec_vmixHdmiTx_202110_1/xilinx_zcu104_vcuDec_vmixHdmiTx_202110_1.gen/sources_1/bd/xilinx_zcu104_vcuDec_vmixHdmiTx_202110_1/ipshared/68d2/hdl/axi_iic_v2_1_vh_rfs.vhd:2919]
INFO: [Synth 8-638] synthesizing module 'SRL_FIFO' [/home/catmouse/VVAS/ivas-platforms/Embedded/zcu104_vcuDec_vmixHdmiTx/vivado/xilinx_zcu104_vcuDec_vmixHdmiTx_202110_1/xilinx_zcu104_vcuDec_vmixHdmiTx_202110_1.gen/sources_1/bd/xilinx_zcu104_vcuDec_vmixHdmiTx_202110_1/ipshared/68d2/hdl/axi_iic_v2_1_vh_rfs.vhd:449]
INFO: [Synth 8-3491] module 'FDR' declared at '/tools/Xilinx/Vivado/2021.1/scripts/rt/data/unisim_comp.v:27824' bound to instance 'Data_Exists_DFF' of component 'FDR' [/home/catmouse/VVAS/ivas-platforms/Embedded/zcu104_vcuDec_vmixHdmiTx/vivado/xilinx_zcu104_vcuDec_vmixHdmiTx_202110_1/xilinx_zcu104_vcuDec_vmixHdmiTx_202110_1.gen/sources_1/bd/xilinx_zcu104_vcuDec_vmixHdmiTx_202110_1/ipshared/68d2/hdl/axi_iic_v2_1_vh_rfs.vhd:543]
INFO: [Synth 8-6157] synthesizing module 'FDR' [/tools/Xilinx/Vivado/2021.1/scripts/rt/data/unisim_comp.v:27824]
INFO: [Synth 8-6155] done synthesizing module 'FDR' (15#1) [/tools/Xilinx/Vivado/2021.1/scripts/rt/data/unisim_comp.v:27824]
INFO: [Synth 8-3491] module 'MUXCY_L' declared at '/tools/Xilinx/Vivado/2021.1/scripts/rt/data/unisim_comp.v:62941' bound to instance 'MUXCY_L_I' of component 'MUXCY_L' [/home/catmouse/VVAS/ivas-platforms/Embedded/zcu104_vcuDec_vmixHdmiTx/vivado/xilinx_zcu104_vcuDec_vmixHdmiTx_202110_1/xilinx_zcu104_vcuDec_vmixHdmiTx_202110_1.gen/sources_1/bd/xilinx_zcu104_vcuDec_vmixHdmiTx_202110_1/ipshared/68d2/hdl/axi_iic_v2_1_vh_rfs.vhd:560]
INFO: [Synth 8-6157] synthesizing module 'MUXCY_L' [/tools/Xilinx/Vivado/2021.1/scripts/rt/data/unisim_comp.v:62941]
INFO: [Synth 8-6155] done synthesizing module 'MUXCY_L' (16#1) [/tools/Xilinx/Vivado/2021.1/scripts/rt/data/unisim_comp.v:62941]
INFO: [Synth 8-3491] module 'XORCY' declared at '/tools/Xilinx/Vivado/2021.1/scripts/rt/data/unisim_comp.v:105299' bound to instance 'XORCY_I' of component 'XORCY' [/home/catmouse/VVAS/ivas-platforms/Embedded/zcu104_vcuDec_vmixHdmiTx/vivado/xilinx_zcu104_vcuDec_vmixHdmiTx_202110_1/xilinx_zcu104_vcuDec_vmixHdmiTx_202110_1.gen/sources_1/bd/xilinx_zcu104_vcuDec_vmixHdmiTx_202110_1/ipshared/68d2/hdl/axi_iic_v2_1_vh_rfs.vhd:567]
INFO: [Synth 8-6157] synthesizing module 'XORCY' [/tools/Xilinx/Vivado/2021.1/scripts/rt/data/unisim_comp.v:105299]
INFO: [Synth 8-6155] done synthesizing module 'XORCY' (17#1) [/tools/Xilinx/Vivado/2021.1/scripts/rt/data/unisim_comp.v:105299]
INFO: [Synth 8-3491] module 'FDRE' declared at '/tools/Xilinx/Vivado/2021.1/scripts/rt/data/unisim_comp.v:27837' bound to instance 'FDRE_I' of component 'FDRE' [/home/catmouse/VVAS/ivas-platforms/Embedded/zcu104_vcuDec_vmixHdmiTx/vivado/xilinx_zcu104_vcuDec_vmixHdmiTx_202110_1/xilinx_zcu104_vcuDec_vmixHdmiTx_202110_1.gen/sources_1/bd/xilinx_zcu104_vcuDec_vmixHdmiTx_202110_1/ipshared/68d2/hdl/axi_iic_v2_1_vh_rfs.vhd:573]
INFO: [Synth 8-6157] synthesizing module 'FDRE' [/tools/Xilinx/Vivado/2021.1/scripts/rt/data/unisim_comp.v:27837]
INFO: [Synth 8-6155] done synthesizing module 'FDRE' (18#1) [/tools/Xilinx/Vivado/2021.1/scripts/rt/data/unisim_comp.v:27837]
INFO: [Synth 8-3491] module 'MUXCY_L' declared at '/tools/Xilinx/Vivado/2021.1/scripts/rt/data/unisim_comp.v:62941' bound to instance 'MUXCY_L_I' of component 'MUXCY_L' [/home/catmouse/VVAS/ivas-platforms/Embedded/zcu104_vcuDec_vmixHdmiTx/vivado/xilinx_zcu104_vcuDec_vmixHdmiTx_202110_1/xilinx_zcu104_vcuDec_vmixHdmiTx_202110_1.gen/sources_1/bd/xilinx_zcu104_vcuDec_vmixHdmiTx_202110_1/ipshared/68d2/hdl/axi_iic_v2_1_vh_rfs.vhd:560]
INFO: [Synth 8-3491] module 'XORCY' declared at '/tools/Xilinx/Vivado/2021.1/scripts/rt/data/unisim_comp.v:105299' bound to instance 'XORCY_I' of component 'XORCY' [/home/catmouse/VVAS/ivas-platforms/Embedded/zcu104_vcuDec_vmixHdmiTx/vivado/xilinx_zcu104_vcuDec_vmixHdmiTx_202110_1/xilinx_zcu104_vcuDec_vmixHdmiTx_202110_1.gen/sources_1/bd/xilinx_zcu104_vcuDec_vmixHdmiTx_202110_1/ipshared/68d2/hdl/axi_iic_v2_1_vh_rfs.vhd:567]
INFO: [Synth 8-3491] module 'FDRE' declared at '/tools/Xilinx/Vivado/2021.1/scripts/rt/data/unisim_comp.v:27837' bound to instance 'FDRE_I' of component 'FDRE' [/home/catmouse/VVAS/ivas-platforms/Embedded/zcu104_vcuDec_vmixHdmiTx/vivado/xilinx_zcu104_vcuDec_vmixHdmiTx_202110_1/xilinx_zcu104_vcuDec_vmixHdmiTx_202110_1.gen/sources_1/bd/xilinx_zcu104_vcuDec_vmixHdmiTx_202110_1/ipshared/68d2/hdl/axi_iic_v2_1_vh_rfs.vhd:573]
INFO: [Synth 8-3491] module 'MUXCY_L' declared at '/tools/Xilinx/Vivado/2021.1/scripts/rt/data/unisim_comp.v:62941' bound to instance 'MUXCY_L_I' of component 'MUXCY_L' [/home/catmouse/VVAS/ivas-platforms/Embedded/zcu104_vcuDec_vmixHdmiTx/vivado/xilinx_zcu104_vcuDec_vmixHdmiTx_202110_1/xilinx_zcu104_vcuDec_vmixHdmiTx_202110_1.gen/sources_1/bd/xilinx_zcu104_vcuDec_vmixHdmiTx_202110_1/ipshared/68d2/hdl/axi_iic_v2_1_vh_rfs.vhd:560]
INFO: [Synth 8-3491] module 'XORCY' declared at '/tools/Xilinx/Vivado/2021.1/scripts/rt/data/unisim_comp.v:105299' bound to instance 'XORCY_I' of component 'XORCY' [/home/catmouse/VVAS/ivas-platforms/Embedded/zcu104_vcuDec_vmixHdmiTx/vivado/xilinx_zcu104_vcuDec_vmixHdmiTx_202110_1/xilinx_zcu104_vcuDec_vmixHdmiTx_202110_1.gen/sources_1/bd/xilinx_zcu104_vcuDec_vmixHdmiTx_202110_1/ipshared/68d2/hdl/axi_iic_v2_1_vh_rfs.vhd:567]
INFO: [Synth 8-3491] module 'FDRE' declared at '/tools/Xilinx/Vivado/2021.1/scripts/rt/data/unisim_comp.v:27837' bound to instance 'FDRE_I' of component 'FDRE' [/home/catmouse/VVAS/ivas-platforms/Embedded/zcu104_vcuDec_vmixHdmiTx/vivado/xilinx_zcu104_vcuDec_vmixHdmiTx_202110_1/xilinx_zcu104_vcuDec_vmixHdmiTx_202110_1.gen/sources_1/bd/xilinx_zcu104_vcuDec_vmixHdmiTx_202110_1/ipshared/68d2/hdl/axi_iic_v2_1_vh_rfs.vhd:573]
INFO: [Synth 8-3491] module 'MUXCY_L' declared at '/tools/Xilinx/Vivado/2021.1/scripts/rt/data/unisim_comp.v:62941' bound to instance 'MUXCY_L_I' of component 'MUXCY_L' [/home/catmouse/VVAS/ivas-platforms/Embedded/zcu104_vcuDec_vmixHdmiTx/vivado/xilinx_zcu104_vcuDec_vmixHdmiTx_202110_1/xilinx_zcu104_vcuDec_vmixHdmiTx_202110_1.gen/sources_1/bd/xilinx_zcu104_vcuDec_vmixHdmiTx_202110_1/ipshared/68d2/hdl/axi_iic_v2_1_vh_rfs.vhd:560]
INFO: [Synth 8-3491] module 'XORCY' declared at '/tools/Xilinx/Vivado/2021.1/scripts/rt/data/unisim_comp.v:105299' bound to instance 'XORCY_I' of component 'XORCY' [/home/catmouse/VVAS/ivas-platforms/Embedded/zcu104_vcuDec_vmixHdmiTx/vivado/xilinx_zcu104_vcuDec_vmixHdmiTx_202110_1/xilinx_zcu104_vcuDec_vmixHdmiTx_202110_1.gen/sources_1/bd/xilinx_zcu104_vcuDec_vmixHdmiTx_202110_1/ipshared/68d2/hdl/axi_iic_v2_1_vh_rfs.vhd:567]
INFO: [Synth 8-3491] module 'FDRE' declared at '/tools/Xilinx/Vivado/2021.1/scripts/rt/data/unisim_comp.v:27837' bound to instance 'FDRE_I' of component 'FDRE' [/home/catmouse/VVAS/ivas-platforms/Embedded/zcu104_vcuDec_vmixHdmiTx/vivado/xilinx_zcu104_vcuDec_vmixHdmiTx_202110_1/xilinx_zcu104_vcuDec_vmixHdmiTx_202110_1.gen/sources_1/bd/xilinx_zcu104_vcuDec_vmixHdmiTx_202110_1/ipshared/68d2/hdl/axi_iic_v2_1_vh_rfs.vhd:573]
INFO: [Synth 8-3491] module 'SRL16E' declared at '/tools/Xilinx/Vivado/2021.1/scripts/rt/data/unisim_comp.v:100961' bound to instance 'SRL16E_I' of component 'SRL16E' [/home/catmouse/VVAS/ivas-platforms/Embedded/zcu104_vcuDec_vmixHdmiTx/vivado/xilinx_zcu104_vcuDec_vmixHdmiTx_202110_1/xilinx_zcu104_vcuDec_vmixHdmiTx_202110_1.gen/sources_1/bd/xilinx_zcu104_vcuDec_vmixHdmiTx_202110_1/ipshared/68d2/hdl/axi_iic_v2_1_vh_rfs.vhd:584]
INFO: [Synth 8-6157] synthesizing module 'SRL16E' [/tools/Xilinx/Vivado/2021.1/scripts/rt/data/unisim_comp.v:100961]
INFO: [Synth 8-6155] done synthesizing module 'SRL16E' (19#1) [/tools/Xilinx/Vivado/2021.1/scripts/rt/data/unisim_comp.v:100961]
INFO: [Synth 8-3491] module 'SRL16E' declared at '/tools/Xilinx/Vivado/2021.1/scripts/rt/data/unisim_comp.v:100961' bound to instance 'SRL16E_I' of component 'SRL16E' [/home/catmouse/VVAS/ivas-platforms/Embedded/zcu104_vcuDec_vmixHdmiTx/vivado/xilinx_zcu104_vcuDec_vmixHdmiTx_202110_1/xilinx_zcu104_vcuDec_vmixHdmiTx_202110_1.gen/sources_1/bd/xilinx_zcu104_vcuDec_vmixHdmiTx_202110_1/ipshared/68d2/hdl/axi_iic_v2_1_vh_rfs.vhd:584]
INFO: [Synth 8-3491] module 'SRL16E' declared at '/tools/Xilinx/Vivado/2021.1/scripts/rt/data/unisim_comp.v:100961' bound to instance 'SRL16E_I' of component 'SRL16E' [/home/catmouse/VVAS/ivas-platforms/Embedded/zcu104_vcuDec_vmixHdmiTx/vivado/xilinx_zcu104_vcuDec_vmixHdmiTx_202110_1/xilinx_zcu104_vcuDec_vmixHdmiTx_202110_1.gen/sources_1/bd/xilinx_zcu104_vcuDec_vmixHdmiTx_202110_1/ipshared/68d2/hdl/axi_iic_v2_1_vh_rfs.vhd:584]
INFO: [Synth 8-3491] module 'SRL16E' declared at '/tools/Xilinx/Vivado/2021.1/scripts/rt/data/unisim_comp.v:100961' bound to instance 'SRL16E_I' of component 'SRL16E' [/home/catmouse/VVAS/ivas-platforms/Embedded/zcu104_vcuDec_vmixHdmiTx/vivado/xilinx_zcu104_vcuDec_vmixHdmiTx_202110_1/xilinx_zcu104_vcuDec_vmixHdmiTx_202110_1.gen/sources_1/bd/xilinx_zcu104_vcuDec_vmixHdmiTx_202110_1/ipshared/68d2/hdl/axi_iic_v2_1_vh_rfs.vhd:584]
INFO: [Synth 8-3491] module 'SRL16E' declared at '/tools/Xilinx/Vivado/2021.1/scripts/rt/data/unisim_comp.v:100961' bound to instance 'SRL16E_I' of component 'SRL16E' [/home/catmouse/VVAS/ivas-platforms/Embedded/zcu104_vcuDec_vmixHdmiTx/vivado/xilinx_zcu104_vcuDec_vmixHdmiTx_202110_1/xilinx_zcu104_vcuDec_vmixHdmiTx_202110_1.gen/sources_1/bd/xilinx_zcu104_vcuDec_vmixHdmiTx_202110_1/ipshared/68d2/hdl/axi_iic_v2_1_vh_rfs.vhd:584]
INFO: [Synth 8-3491] module 'SRL16E' declared at '/tools/Xilinx/Vivado/2021.1/scripts/rt/data/unisim_comp.v:100961' bound to instance 'SRL16E_I' of component 'SRL16E' [/home/catmouse/VVAS/ivas-platforms/Embedded/zcu104_vcuDec_vmixHdmiTx/vivado/xilinx_zcu104_vcuDec_vmixHdmiTx_202110_1/xilinx_zcu104_vcuDec_vmixHdmiTx_202110_1.gen/sources_1/bd/xilinx_zcu104_vcuDec_vmixHdmiTx_202110_1/ipshared/68d2/hdl/axi_iic_v2_1_vh_rfs.vhd:584]
INFO: [Synth 8-3491] module 'SRL16E' declared at '/tools/Xilinx/Vivado/2021.1/scripts/rt/data/unisim_comp.v:100961' bound to instance 'SRL16E_I' of component 'SRL16E' [/home/catmouse/VVAS/ivas-platforms/Embedded/zcu104_vcuDec_vmixHdmiTx/vivado/xilinx_zcu104_vcuDec_vmixHdmiTx_202110_1/xilinx_zcu104_vcuDec_vmixHdmiTx_202110_1.gen/sources_1/bd/xilinx_zcu104_vcuDec_vmixHdmiTx_202110_1/ipshared/68d2/hdl/axi_iic_v2_1_vh_rfs.vhd:584]
INFO: [Synth 8-3491] module 'SRL16E' declared at '/tools/Xilinx/Vivado/2021.1/scripts/rt/data/unisim_comp.v:100961' bound to instance 'SRL16E_I' of component 'SRL16E' [/home/catmouse/VVAS/ivas-platforms/Embedded/zcu104_vcuDec_vmixHdmiTx/vivado/xilinx_zcu104_vcuDec_vmixHdmiTx_202110_1/xilinx_zcu104_vcuDec_vmixHdmiTx_202110_1.gen/sources_1/bd/xilinx_zcu104_vcuDec_vmixHdmiTx_202110_1/ipshared/68d2/hdl/axi_iic_v2_1_vh_rfs.vhd:584]
INFO: [Synth 8-256] done synthesizing module 'SRL_FIFO' (20#1) [/home/catmouse/VVAS/ivas-platforms/Embedded/zcu104_vcuDec_vmixHdmiTx/vivado/xilinx_zcu104_vcuDec_vmixHdmiTx_202110_1/xilinx_zcu104_vcuDec_vmixHdmiTx_202110_1.gen/sources_1/bd/xilinx_zcu104_vcuDec_vmixHdmiTx_202110_1/ipshared/68d2/hdl/axi_iic_v2_1_vh_rfs.vhd:449]
INFO: [Synth 8-638] synthesizing module 'dynamic_master' [/home/catmouse/VVAS/ivas-platforms/Embedded/zcu104_vcuDec_vmixHdmiTx/vivado/xilinx_zcu104_vcuDec_vmixHdmiTx_202110_1/xilinx_zcu104_vcuDec_vmixHdmiTx_202110_1.gen/sources_1/bd/xilinx_zcu104_vcuDec_vmixHdmiTx_202110_1/ipshared/68d2/hdl/axi_iic_v2_1_vh_rfs.vhd:5220]
INFO: [Synth 8-256] done synthesizing module 'dynamic_master' (21#1) [/home/catmouse/VVAS/ivas-platforms/Embedded/zcu104_vcuDec_vmixHdmiTx/vivado/xilinx_zcu104_vcuDec_vmixHdmiTx_202110_1/xilinx_zcu104_vcuDec_vmixHdmiTx_202110_1.gen/sources_1/bd/xilinx_zcu104_vcuDec_vmixHdmiTx_202110_1/ipshared/68d2/hdl/axi_iic_v2_1_vh_rfs.vhd:5220]
INFO: [Synth 8-638] synthesizing module 'SRL_FIFO__parameterized0' [/home/catmouse/VVAS/ivas-platforms/Embedded/zcu104_vcuDec_vmixHdmiTx/vivado/xilinx_zcu104_vcuDec_vmixHdmiTx_202110_1/xilinx_zcu104_vcuDec_vmixHdmiTx_202110_1.gen/sources_1/bd/xilinx_zcu104_vcuDec_vmixHdmiTx_202110_1/ipshared/68d2/hdl/axi_iic_v2_1_vh_rfs.vhd:449]
INFO: [Synth 8-3491] module 'FDR' declared at '/tools/Xilinx/Vivado/2021.1/scripts/rt/data/unisim_comp.v:27824' bound to instance 'Data_Exists_DFF' of component 'FDR' [/home/catmouse/VVAS/ivas-platforms/Embedded/zcu104_vcuDec_vmixHdmiTx/vivado/xilinx_zcu104_vcuDec_vmixHdmiTx_202110_1/xilinx_zcu104_vcuDec_vmixHdmiTx_202110_1.gen/sources_1/bd/xilinx_zcu104_vcuDec_vmixHdmiTx_202110_1/ipshared/68d2/hdl/axi_iic_v2_1_vh_rfs.vhd:543]
INFO: [Synth 8-3491] module 'MUXCY_L' declared at '/tools/Xilinx/Vivado/2021.1/scripts/rt/data/unisim_comp.v:62941' bound to instance 'MUXCY_L_I' of component 'MUXCY_L' [/home/catmouse/VVAS/ivas-platforms/Embedded/zcu104_vcuDec_vmixHdmiTx/vivado/xilinx_zcu104_vcuDec_vmixHdmiTx_202110_1/xilinx_zcu104_vcuDec_vmixHdmiTx_202110_1.gen/sources_1/bd/xilinx_zcu104_vcuDec_vmixHdmiTx_202110_1/ipshared/68d2/hdl/axi_iic_v2_1_vh_rfs.vhd:560]
INFO: [Synth 8-3491] module 'XORCY' declared at '/tools/Xilinx/Vivado/2021.1/scripts/rt/data/unisim_comp.v:105299' bound to instance 'XORCY_I' of component 'XORCY' [/home/catmouse/VVAS/ivas-platforms/Embedded/zcu104_vcuDec_vmixHdmiTx/vivado/xilinx_zcu104_vcuDec_vmixHdmiTx_202110_1/xilinx_zcu104_vcuDec_vmixHdmiTx_202110_1.gen/sources_1/bd/xilinx_zcu104_vcuDec_vmixHdmiTx_202110_1/ipshared/68d2/hdl/axi_iic_v2_1_vh_rfs.vhd:567]
INFO: [Synth 8-3491] module 'FDRE' declared at '/tools/Xilinx/Vivado/2021.1/scripts/rt/data/unisim_comp.v:27837' bound to instance 'FDRE_I' of component 'FDRE' [/home/catmouse/VVAS/ivas-platforms/Embedded/zcu104_vcuDec_vmixHdmiTx/vivado/xilinx_zcu104_vcuDec_vmixHdmiTx_202110_1/xilinx_zcu104_vcuDec_vmixHdmiTx_202110_1.gen/sources_1/bd/xilinx_zcu104_vcuDec_vmixHdmiTx_202110_1/ipshared/68d2/hdl/axi_iic_v2_1_vh_rfs.vhd:573]
INFO: [Synth 8-3491] module 'MUXCY_L' declared at '/tools/Xilinx/Vivado/2021.1/scripts/rt/data/unisim_comp.v:62941' bound to instance 'MUXCY_L_I' of component 'MUXCY_L' [/home/catmouse/VVAS/ivas-platforms/Embedded/zcu104_vcuDec_vmixHdmiTx/vivado/xilinx_zcu104_vcuDec_vmixHdmiTx_202110_1/xilinx_zcu104_vcuDec_vmixHdmiTx_202110_1.gen/sources_1/bd/xilinx_zcu104_vcuDec_vmixHdmiTx_202110_1/ipshared/68d2/hdl/axi_iic_v2_1_vh_rfs.vhd:560]
INFO: [Synth 8-3491] module 'XORCY' declared at '/tools/Xilinx/Vivado/2021.1/scripts/rt/data/unisim_comp.v:105299' bound to instance 'XORCY_I' of component 'XORCY' [/home/catmouse/VVAS/ivas-platforms/Embedded/zcu104_vcuDec_vmixHdmiTx/vivado/xilinx_zcu104_vcuDec_vmixHdmiTx_202110_1/xilinx_zcu104_vcuDec_vmixHdmiTx_202110_1.gen/sources_1/bd/xilinx_zcu104_vcuDec_vmixHdmiTx_202110_1/ipshared/68d2/hdl/axi_iic_v2_1_vh_rfs.vhd:567]
INFO: [Synth 8-3491] module 'FDRE' declared at '/tools/Xilinx/Vivado/2021.1/scripts/rt/data/unisim_comp.v:27837' bound to instance 'FDRE_I' of component 'FDRE' [/home/catmouse/VVAS/ivas-platforms/Embedded/zcu104_vcuDec_vmixHdmiTx/vivado/xilinx_zcu104_vcuDec_vmixHdmiTx_202110_1/xilinx_zcu104_vcuDec_vmixHdmiTx_202110_1.gen/sources_1/bd/xilinx_zcu104_vcuDec_vmixHdmiTx_202110_1/ipshared/68d2/hdl/axi_iic_v2_1_vh_rfs.vhd:573]
INFO: [Synth 8-3491] module 'MUXCY_L' declared at '/tools/Xilinx/Vivado/2021.1/scripts/rt/data/unisim_comp.v:62941' bound to instance 'MUXCY_L_I' of component 'MUXCY_L' [/home/catmouse/VVAS/ivas-platforms/Embedded/zcu104_vcuDec_vmixHdmiTx/vivado/xilinx_zcu104_vcuDec_vmixHdmiTx_202110_1/xilinx_zcu104_vcuDec_vmixHdmiTx_202110_1.gen/sources_1/bd/xilinx_zcu104_vcuDec_vmixHdmiTx_202110_1/ipshared/68d2/hdl/axi_iic_v2_1_vh_rfs.vhd:560]
INFO: [Synth 8-3491] module 'XORCY' declared at '/tools/Xilinx/Vivado/2021.1/scripts/rt/data/unisim_comp.v:105299' bound to instance 'XORCY_I' of component 'XORCY' [/home/catmouse/VVAS/ivas-platforms/Embedded/zcu104_vcuDec_vmixHdmiTx/vivado/xilinx_zcu104_vcuDec_vmixHdmiTx_202110_1/xilinx_zcu104_vcuDec_vmixHdmiTx_202110_1.gen/sources_1/bd/xilinx_zcu104_vcuDec_vmixHdmiTx_202110_1/ipshared/68d2/hdl/axi_iic_v2_1_vh_rfs.vhd:567]
INFO: [Synth 8-3491] module 'FDRE' declared at '/tools/Xilinx/Vivado/2021.1/scripts/rt/data/unisim_comp.v:27837' bound to instance 'FDRE_I' of component 'FDRE' [/home/catmouse/VVAS/ivas-platforms/Embedded/zcu104_vcuDec_vmixHdmiTx/vivado/xilinx_zcu104_vcuDec_vmixHdmiTx_202110_1/xilinx_zcu104_vcuDec_vmixHdmiTx_202110_1.gen/sources_1/bd/xilinx_zcu104_vcuDec_vmixHdmiTx_202110_1/ipshared/68d2/hdl/axi_iic_v2_1_vh_rfs.vhd:573]
INFO: [Synth 8-3491] module 'MUXCY_L' declared at '/tools/Xilinx/Vivado/2021.1/scripts/rt/data/unisim_comp.v:62941' bound to instance 'MUXCY_L_I' of component 'MUXCY_L' [/home/catmouse/VVAS/ivas-platforms/Embedded/zcu104_vcuDec_vmixHdmiTx/vivado/xilinx_zcu104_vcuDec_vmixHdmiTx_202110_1/xilinx_zcu104_vcuDec_vmixHdmiTx_202110_1.gen/sources_1/bd/xilinx_zcu104_vcuDec_vmixHdmiTx_202110_1/ipshared/68d2/hdl/axi_iic_v2_1_vh_rfs.vhd:560]
INFO: [Synth 8-3491] module 'XORCY' declared at '/tools/Xilinx/Vivado/2021.1/scripts/rt/data/unisim_comp.v:105299' bound to instance 'XORCY_I' of component 'XORCY' [/home/catmouse/VVAS/ivas-platforms/Embedded/zcu104_vcuDec_vmixHdmiTx/vivado/xilinx_zcu104_vcuDec_vmixHdmiTx_202110_1/xilinx_zcu104_vcuDec_vmixHdmiTx_202110_1.gen/sources_1/bd/xilinx_zcu104_vcuDec_vmixHdmiTx_202110_1/ipshared/68d2/hdl/axi_iic_v2_1_vh_rfs.vhd:567]
INFO: [Synth 8-3491] module 'FDRE' declared at '/tools/Xilinx/Vivado/2021.1/scripts/rt/data/unisim_comp.v:27837' bound to instance 'FDRE_I' of component 'FDRE' [/home/catmouse/VVAS/ivas-platforms/Embedded/zcu104_vcuDec_vmixHdmiTx/vivado/xilinx_zcu104_vcuDec_vmixHdmiTx_202110_1/xilinx_zcu104_vcuDec_vmixHdmiTx_202110_1.gen/sources_1/bd/xilinx_zcu104_vcuDec_vmixHdmiTx_202110_1/ipshared/68d2/hdl/axi_iic_v2_1_vh_rfs.vhd:573]
INFO: [Synth 8-3491] module 'SRL16E' declared at '/tools/Xilinx/Vivado/2021.1/scripts/rt/data/unisim_comp.v:100961' bound to instance 'SRL16E_I' of component 'SRL16E' [/home/catmouse/VVAS/ivas-platforms/Embedded/zcu104_vcuDec_vmixHdmiTx/vivado/xilinx_zcu104_vcuDec_vmixHdmiTx_202110_1/xilinx_zcu104_vcuDec_vmixHdmiTx_202110_1.gen/sources_1/bd/xilinx_zcu104_vcuDec_vmixHdmiTx_202110_1/ipshared/68d2/hdl/axi_iic_v2_1_vh_rfs.vhd:584]
INFO: [Synth 8-3491] module 'SRL16E' declared at '/tools/Xilinx/Vivado/2021.1/scripts/rt/data/unisim_comp.v:100961' bound to instance 'SRL16E_I' of component 'SRL16E' [/home/catmouse/VVAS/ivas-platforms/Embedded/zcu104_vcuDec_vmixHdmiTx/vivado/xilinx_zcu104_vcuDec_vmixHdmiTx_202110_1/xilinx_zcu104_vcuDec_vmixHdmiTx_202110_1.gen/sources_1/bd/xilinx_zcu104_vcuDec_vmixHdmiTx_202110_1/ipshared/68d2/hdl/axi_iic_v2_1_vh_rfs.vhd:584]
INFO: [Synth 8-256] done synthesizing module 'SRL_FIFO__parameterized0' (21#1) [/home/catmouse/VVAS/ivas-platforms/Embedded/zcu104_vcuDec_vmixHdmiTx/vivado/xilinx_zcu104_vcuDec_vmixHdmiTx_202110_1/xilinx_zcu104_vcuDec_vmixHdmiTx_202110_1.gen/sources_1/bd/xilinx_zcu104_vcuDec_vmixHdmiTx_202110_1/ipshared/68d2/hdl/axi_iic_v2_1_vh_rfs.vhd:449]
INFO: [Synth 8-256] done synthesizing module 'iic' (22#1) [/home/catmouse/VVAS/ivas-platforms/Embedded/zcu104_vcuDec_vmixHdmiTx/vivado/xilinx_zcu104_vcuDec_vmixHdmiTx_202110_1/xilinx_zcu104_vcuDec_vmixHdmiTx_202110_1.gen/sources_1/bd/xilinx_zcu104_vcuDec_vmixHdmiTx_202110_1/ipshared/68d2/hdl/axi_iic_v2_1_vh_rfs.vhd:6210]
INFO: [Synth 8-256] done synthesizing module 'axi_iic' (23#1) [/home/catmouse/VVAS/ivas-platforms/Embedded/zcu104_vcuDec_vmixHdmiTx/vivado/xilinx_zcu104_vcuDec_vmixHdmiTx_202110_1/xilinx_zcu104_vcuDec_vmixHdmiTx_202110_1.gen/sources_1/bd/xilinx_zcu104_vcuDec_vmixHdmiTx_202110_1/ipshared/68d2/hdl/axi_iic_v2_1_vh_rfs.vhd:6906]
INFO: [Synth 8-256] done synthesizing module 'xilinx_zcu104_vcuDec_vmixHdmiTx_202110_1_hdmi_ctrl_iic_0' (24#1) [/home/catmouse/VVAS/ivas-platforms/Embedded/zcu104_vcuDec_vmixHdmiTx/vivado/xilinx_zcu104_vcuDec_vmixHdmiTx_202110_1/xilinx_zcu104_vcuDec_vmixHdmiTx_202110_1.gen/sources_1/bd/xilinx_zcu104_vcuDec_vmixHdmiTx_202110_1/ip/xilinx_zcu104_vcuDec_vmixHdmiTx_202110_1_hdmi_ctrl_iic_0/synth/xilinx_zcu104_vcuDec_vmixHdmiTx_202110_1_hdmi_ctrl_iic_0.vhd:91]
---------------------------------------------------------------------------------
Finished RTL Elaboration : Time (s): cpu = 00:00:04 ; elapsed = 00:00:16 . Memory (MB): peak = 3038.977 ; gain = 108.652 ; free physical = 983 ; free virtual = 1458
---------------------------------------------------------------------------------
---------------------------------------------------------------------------------
Start Handling Custom Attributes
---------------------------------------------------------------------------------
---------------------------------------------------------------------------------
Finished Handling Custom Attributes : Time (s): cpu = 00:00:05 ; elapsed = 00:00:18 . Memory (MB): peak = 3056.789 ; gain = 126.465 ; free physical = 662 ; free virtual = 1125
---------------------------------------------------------------------------------
---------------------------------------------------------------------------------
Finished RTL Optimization Phase 1 : Time (s): cpu = 00:00:05 ; elapsed = 00:00:18 . Memory (MB): peak = 3056.789 ; gain = 126.465 ; free physical = 661 ; free virtual = 1125
---------------------------------------------------------------------------------
Netlist sorting complete. Time (s): cpu = 00:00:00.01 ; elapsed = 00:00:00.03 . Memory (MB): peak = 3067.695 ; gain = 0.000 ; free physical = 323 ; free virtual = 879
INFO: [Netlist 29-17] Analyzing 44 Unisim elements for replacement
INFO: [Netlist 29-28] Unisim Transformation completed in 0 CPU seconds
INFO: [Project 1-570] Preparing netlist for logic optimization

Processing XDC Constraints
Initializing timing engine
Parsing XDC File [/home/catmouse/VVAS/ivas-platforms/Embedded/zcu104_vcuDec_vmixHdmiTx/vivado/xilinx_zcu104_vcuDec_vmixHdmiTx_202110_1/xilinx_zcu104_vcuDec_vmixHdmiTx_202110_1.gen/sources_1/bd/xilinx_zcu104_vcuDec_vmixHdmiTx_202110_1/ip/xilinx_zcu104_vcuDec_vmixHdmiTx_202110_1_hdmi_ctrl_iic_0/xilinx_zcu104_vcuDec_vmixHdmiTx_202110_1_hdmi_ctrl_iic_0_ooc.xdc] for cell 'U0'
create_clock: Time (s): cpu = 00:00:04 ; elapsed = 00:00:07 . Memory (MB): peak = 3237.445 ; gain = 0.000 ; free physical = 6123 ; free virtual = 7266
Finished Parsing XDC File [/home/catmouse/VVAS/ivas-platforms/Embedded/zcu104_vcuDec_vmixHdmiTx/vivado/xilinx_zcu104_vcuDec_vmixHdmiTx_202110_1/xilinx_zcu104_vcuDec_vmixHdmiTx_202110_1.gen/sources_1/bd/xilinx_zcu104_vcuDec_vmixHdmiTx_202110_1/ip/xilinx_zcu104_vcuDec_vmixHdmiTx_202110_1_hdmi_ctrl_iic_0/xilinx_zcu104_vcuDec_vmixHdmiTx_202110_1_hdmi_ctrl_iic_0_ooc.xdc] for cell 'U0'
Parsing XDC File [/home/catmouse/VVAS/ivas-platforms/Embedded/zcu104_vcuDec_vmixHdmiTx/vivado/xilinx_zcu104_vcuDec_vmixHdmiTx_202110_1/xilinx_zcu104_vcuDec_vmixHdmiTx_202110_1.gen/sources_1/bd/xilinx_zcu104_vcuDec_vmixHdmiTx_202110_1/ip/xilinx_zcu104_vcuDec_vmixHdmiTx_202110_1_hdmi_ctrl_iic_0/xilinx_zcu104_vcuDec_vmixHdmiTx_202110_1_hdmi_ctrl_iic_0_board.xdc] for cell 'U0'
Finished Parsing XDC File [/home/catmouse/VVAS/ivas-platforms/Embedded/zcu104_vcuDec_vmixHdmiTx/vivado/xilinx_zcu104_vcuDec_vmixHdmiTx_202110_1/xilinx_zcu104_vcuDec_vmixHdmiTx_202110_1.gen/sources_1/bd/xilinx_zcu104_vcuDec_vmixHdmiTx_202110_1/ip/xilinx_zcu104_vcuDec_vmixHdmiTx_202110_1_hdmi_ctrl_iic_0/xilinx_zcu104_vcuDec_vmixHdmiTx_202110_1_hdmi_ctrl_iic_0_board.xdc] for cell 'U0'
Parsing XDC File [/home/catmouse/VVAS/ivas-platforms/Embedded/zcu104_vcuDec_vmixHdmiTx/vivado/xilinx_zcu104_vcuDec_vmixHdmiTx_202110_1/xilinx_zcu104_vcuDec_vmixHdmiTx_202110_1.runs/xilinx_zcu104_vcuDec_vmixHdmiTx_202110_1_hdmi_ctrl_iic_0_synth_1/dont_touch.xdc]
Finished Parsing XDC File [/home/catmouse/VVAS/ivas-platforms/Embedded/zcu104_vcuDec_vmixHdmiTx/vivado/xilinx_zcu104_vcuDec_vmixHdmiTx_202110_1/xilinx_zcu104_vcuDec_vmixHdmiTx_202110_1.runs/xilinx_zcu104_vcuDec_vmixHdmiTx_202110_1_hdmi_ctrl_iic_0_synth_1/dont_touch.xdc]
Completed Processing XDC Constraints

Netlist sorting complete. Time (s): cpu = 00:00:00.01 ; elapsed = 00:00:00 . Memory (MB): peak = 3237.445 ; gain = 0.000 ; free physical = 6129 ; free virtual = 7271
INFO: [Project 1-111] Unisim Transformation Summary:
  A total of 32 instances were transformed.
  FDR => FDRE: 15 instances
  FDRSE => FDRSE (FDRE, LUT4, VCC): 5 instances
  MUXCY_L => MUXCY: 12 instances

Constraint Validation Runtime : Time (s): cpu = 00:00:00.01 ; elapsed = 00:00:00.02 . Memory (MB): peak = 3237.445 ; gain = 0.000 ; free physical = 6143 ; free virtual = 7285
---------------------------------------------------------------------------------
Finished Constraint Validation : Time (s): cpu = 00:00:12 ; elapsed = 00:00:36 . Memory (MB): peak = 3237.445 ; gain = 307.121 ; free physical = 5488 ; free virtual = 6794
---------------------------------------------------------------------------------
---------------------------------------------------------------------------------
Start Loading Part and Timing Information
---------------------------------------------------------------------------------
Loading part: xczu7ev-ffvc1156-2-e
INFO: [Synth 8-6742] Reading net delay rules and data
---------------------------------------------------------------------------------
Finished Loading Part and Timing Information : Time (s): cpu = 00:00:12 ; elapsed = 00:00:36 . Memory (MB): peak = 3237.445 ; gain = 307.121 ; free physical = 5451 ; free virtual = 6755
---------------------------------------------------------------------------------
---------------------------------------------------------------------------------
Start Applying 'set_property' XDC Constraints
---------------------------------------------------------------------------------
Applied set_property KEEP_HIERARCHY = SOFT for U0. (constraint file  /home/catmouse/VVAS/ivas-platforms/Embedded/zcu104_vcuDec_vmixHdmiTx/vivado/xilinx_zcu104_vcuDec_vmixHdmiTx_202110_1/xilinx_zcu104_vcuDec_vmixHdmiTx_202110_1.runs/xilinx_zcu104_vcuDec_vmixHdmiTx_202110_1_hdmi_ctrl_iic_0_synth_1/dont_touch.xdc, line 9).
---------------------------------------------------------------------------------
Finished applying 'set_property' XDC Constraints : Time (s): cpu = 00:00:12 ; elapsed = 00:00:36 . Memory (MB): peak = 3237.445 ; gain = 307.121 ; free physical = 5446 ; free virtual = 6750
---------------------------------------------------------------------------------
INFO: [Synth 8-802] inferred FSM for state register 'state_reg' in module 'slave_attachment'
INFO: [Synth 8-802] inferred FSM for state register 'scl_state_reg' in module 'iic_control'
INFO: [Synth 8-802] inferred FSM for state register 'state_reg' in module 'iic_control'
---------------------------------------------------------------------------------------------------
                   State |                     New Encoding |                Previous Encoding 
---------------------------------------------------------------------------------------------------
                 iSTATE2 |                             0001 |                               00
                  iSTATE |                             0010 |                               01
                 iSTATE0 |                             0100 |                               10
                 iSTATE1 |                             1000 |                               11
---------------------------------------------------------------------------------------------------
INFO: [Synth 8-3354] encoded FSM with state register 'state_reg' using encoding 'one-hot' in module 'slave_attachment'
---------------------------------------------------------------------------------------------------
                   State |                     New Encoding |                Previous Encoding 
---------------------------------------------------------------------------------------------------
                    idle |                              000 |                              000
                  header |                              101 |                              001
              ack_header |                              110 |                              010
                rcv_data |                              100 |                              011
                ack_data |                              011 |                              100
               xmit_data |                              010 |                              101
                wait_ack |                              001 |                              110
---------------------------------------------------------------------------------------------------
INFO: [Synth 8-3354] encoded FSM with state register 'state_reg' using encoding 'sequential' in module 'iic_control'
---------------------------------------------------------------------------------------------------
                   State |                     New Encoding |                Previous Encoding 
---------------------------------------------------------------------------------------------------
                scl_idle |                       0000000001 |                             0000
              start_wait |                       0000000010 |                             0001
                   start |                       0000000100 |                             0010
              start_edge |                       0000001000 |                             0011
            scl_low_edge |                       0000010000 |                             0100
                 scl_low |                       0000100000 |                             0101
           scl_high_edge |                       0001000000 |                             0110
                scl_high |                       0010000000 |                             0111
               stop_edge |                       0100000000 |                             1000
               stop_wait |                       1000000000 |                             1001
---------------------------------------------------------------------------------------------------
INFO: [Synth 8-3354] encoded FSM with state register 'scl_state_reg' using encoding 'one-hot' in module 'iic_control'
---------------------------------------------------------------------------------
Finished RTL Optimization Phase 2 : Time (s): cpu = 00:00:13 ; elapsed = 00:00:39 . Memory (MB): peak = 3237.445 ; gain = 307.121 ; free physical = 4357 ; free virtual = 5723
---------------------------------------------------------------------------------
---------------------------------------------------------------------------------
Start RTL Component Statistics 
---------------------------------------------------------------------------------
Detailed RTL Component Info : 
+---Adders : 
	   2 Input    9 Bit       Adders := 2     
	   2 Input    8 Bit       Adders := 1     
	   2 Input    4 Bit       Adders := 2     
+---XORs : 
	   2 Input      1 Bit         XORs := 20    
+---Registers : 
	               32 Bit    Registers := 1     
	                9 Bit    Registers := 12    
	                8 Bit    Registers := 8     
	                7 Bit    Registers := 1     
	                4 Bit    Registers := 3     
	                2 Bit    Registers := 3     
	                1 Bit    Registers := 143   
+---Muxes : 
	   2 Input   32 Bit        Muxes := 5     
	  10 Input   10 Bit        Muxes := 1     
	   2 Input   10 Bit        Muxes := 13    
	   2 Input    9 Bit        Muxes := 3     
	   3 Input    9 Bit        Muxes := 1     
	   2 Input    8 Bit        Muxes := 4     
	   4 Input    4 Bit        Muxes := 1     
	   2 Input    4 Bit        Muxes := 6     
	  21 Input    3 Bit        Muxes := 1     
	   7 Input    2 Bit        Muxes := 1     
	   2 Input    2 Bit        Muxes := 3     
	   2 Input    1 Bit        Muxes := 106   
	   4 Input    1 Bit        Muxes := 3     
	   7 Input    1 Bit        Muxes := 3     
	   3 Input    1 Bit        Muxes := 1     
	  10 Input    1 Bit        Muxes := 10    
---------------------------------------------------------------------------------
Finished RTL Component Statistics 
---------------------------------------------------------------------------------
---------------------------------------------------------------------------------
Start Part Resource Summary
---------------------------------------------------------------------------------
Part Resources:
DSPs: 1728 (col length:144)
BRAMs: 624 (col length: RAMB18 144 RAMB36 72)
---------------------------------------------------------------------------------
Finished Part Resource Summary
---------------------------------------------------------------------------------
---------------------------------------------------------------------------------
Start Cross Boundary and Area Optimization
---------------------------------------------------------------------------------
---------------------------------------------------------------------------------
Finished Cross Boundary and Area Optimization : Time (s): cpu = 00:00:17 ; elapsed = 00:00:46 . Memory (MB): peak = 3237.445 ; gain = 307.121 ; free physical = 1573 ; free virtual = 3006
---------------------------------------------------------------------------------
