
*** Running vivado
    with args -log xilinx_zcu104_vcuDec_vmixHdmiTx_202110_1_auto_pc_1.vds -m64 -product Vivado -mode batch -messageDb vivado.pb -notrace -source xilinx_zcu104_vcuDec_vmixHdmiTx_202110_1_auto_pc_1.tcl


****** Vivado v2021.1.1 (64-bit)
  **** SW Build 3286242 on Wed Jul 28 13:09:46 MDT 2021
  **** IP Build 3279568 on Wed Jul 28 16:48:48 MDT 2021
    ** Copyright 1986-2021 Xilinx, Inc. All Rights Reserved.

source xilinx_zcu104_vcuDec_vmixHdmiTx_202110_1_auto_pc_1.tcl -notrace
INFO: [IP_Flow 19-234] Refreshing IP repositories
INFO: [IP_Flow 19-1700] Loaded user IP repository '/home/catmouse/VVAS/ivas-platforms/Embedded/zcu104_vcuDec_vmixHdmiTx/vivado/ip_repo'.
INFO: [IP_Flow 19-2313] Loaded Vivado IP repository '/tools/Xilinx/Vivado/2021.1/data/ip'.
Command: synth_design -top xilinx_zcu104_vcuDec_vmixHdmiTx_202110_1_auto_pc_1 -part xczu7ev-ffvc1156-2-e -mode out_of_context
Starting synth_design
Attempting to get a license for feature 'Synthesis' and/or device 'xczu7ev'
INFO: [Common 17-349] Got license for feature 'Synthesis' and/or device 'xczu7ev'
INFO: [Device 21-403] Loading part xczu7ev-ffvc1156-2-e
INFO: [Synth 8-7079] Multithreading enabled for synth_design using a maximum of 4 processes.
INFO: [Synth 8-7078] Launching helper process for spawning children vivado processes
INFO: [Synth 8-7075] Helper process launched with PID 16925
---------------------------------------------------------------------------------
Starting RTL Elaboration : Time (s): cpu = 00:00:03 ; elapsed = 00:00:12 . Memory (MB): peak = 2984.012 ; gain = 51.652 ; free physical = 742 ; free virtual = 1274
---------------------------------------------------------------------------------
/tools/Xilinx/Vivado/2021.1/bin/loader: line 312: 15906 Killed                  "$RDI_PROG" "$@"
Parent process (pid 15906) has died. This helper process will now exit
