
*** Running vivado
    with args -log xilinx_zcu104_vcuDec_vmixHdmiTx_202110_1_ps_e_0.vds -m64 -product Vivado -mode batch -messageDb vivado.pb -notrace -source xilinx_zcu104_vcuDec_vmixHdmiTx_202110_1_ps_e_0.tcl


****** Vivado v2021.1.1 (64-bit)
  **** SW Build 3286242 on Wed Jul 28 13:09:46 MDT 2021
  **** IP Build 3279568 on Wed Jul 28 16:48:48 MDT 2021
    ** Copyright 1986-2021 Xilinx, Inc. All Rights Reserved.

source xilinx_zcu104_vcuDec_vmixHdmiTx_202110_1_ps_e_0.tcl -notrace
INFO: [IP_Flow 19-234] Refreshing IP repositories
INFO: [IP_Flow 19-1700] Loaded user IP repository '/home/catmouse/VVAS/ivas-platforms/Embedded/zcu104_vcuDec_vmixHdmiTx/vivado/ip_repo'.
INFO: [IP_Flow 19-2313] Loaded Vivado IP repository '/tools/Xilinx/Vivado/2021.1/data/ip'.
Command: synth_design -top xilinx_zcu104_vcuDec_vmixHdmiTx_202110_1_ps_e_0 -part xczu7ev-ffvc1156-2-e -mode out_of_context
Starting synth_design
Attempting to get a license for feature 'Synthesis' and/or device 'xczu7ev'
INFO: [Common 17-349] Got license for feature 'Synthesis' and/or device 'xczu7ev'
INFO: [Device 21-403] Loading part xczu7ev-ffvc1156-2-e
INFO: [Synth 8-7079] Multithreading enabled for synth_design using a maximum of 4 processes.
INFO: [Synth 8-7078] Launching helper process for spawning children vivado processes
INFO: [Synth 8-7075] Helper process launched with PID 17496
---------------------------------------------------------------------------------
Starting RTL Elaboration : Time (s): cpu = 00:00:02 ; elapsed = 00:00:11 . Memory (MB): peak = 2994.012 ; gain = 52.652 ; free physical = 1162 ; free virtual = 1517
---------------------------------------------------------------------------------
INFO: [Synth 8-6157] synthesizing module 'xilinx_zcu104_vcuDec_vmixHdmiTx_202110_1_ps_e_0' [/home/catmouse/VVAS/ivas-platforms/Embedded/zcu104_vcuDec_vmixHdmiTx/vivado/xilinx_zcu104_vcuDec_vmixHdmiTx_202110_1/xilinx_zcu104_vcuDec_vmixHdmiTx_202110_1.gen/sources_1/bd/xilinx_zcu104_vcuDec_vmixHdmiTx_202110_1/ip/xilinx_zcu104_vcuDec_vmixHdmiTx_202110_1_ps_e_0/synth/xilinx_zcu104_vcuDec_vmixHdmiTx_202110_1_ps_e_0.v:59]
INFO: [Synth 8-6157] synthesizing module 'zynq_ultra_ps_e_v3_3_5_zynq_ultra_ps_e' [/home/catmouse/VVAS/ivas-platforms/Embedded/zcu104_vcuDec_vmixHdmiTx/vivado/xilinx_zcu104_vcuDec_vmixHdmiTx_202110_1/xilinx_zcu104_vcuDec_vmixHdmiTx_202110_1.gen/sources_1/bd/xilinx_zcu104_vcuDec_vmixHdmiTx_202110_1/ip/xilinx_zcu104_vcuDec_vmixHdmiTx_202110_1_ps_e_0/hdl/zynq_ultra_ps_e_v3_3_5.v:337]
INFO: [Synth 8-6157] synthesizing module 'BUFG_PS' [/tools/Xilinx/Vivado/2021.1/scripts/rt/data/unisim_comp.v:1307]
INFO: [Synth 8-6155] done synthesizing module 'BUFG_PS' (1#1) [/tools/Xilinx/Vivado/2021.1/scripts/rt/data/unisim_comp.v:1307]
INFO: [Synth 8-6157] synthesizing module 'PS8' [/tools/Xilinx/Vivado/2021.1/scripts/rt/data/unisim_comp.v:86207]
INFO: [Synth 8-6155] done synthesizing module 'PS8' (2#1) [/tools/Xilinx/Vivado/2021.1/scripts/rt/data/unisim_comp.v:86207]
WARNING: [Synth 8-7071] port 'PSS_ALTO_CORE_PAD_MGTTXN0OUT' of module 'PS8' is unconnected for instance 'PS8_i' [/home/catmouse/VVAS/ivas-platforms/Embedded/zcu104_vcuDec_vmixHdmiTx/vivado/xilinx_zcu104_vcuDec_vmixHdmiTx_202110_1/xilinx_zcu104_vcuDec_vmixHdmiTx_202110_1.gen/sources_1/bd/xilinx_zcu104_vcuDec_vmixHdmiTx_202110_1/ip/xilinx_zcu104_vcuDec_vmixHdmiTx_202110_1_ps_e_0/hdl/zynq_ultra_ps_e_v3_3_5.v:3891]
WARNING: [Synth 8-7071] port 'PSS_ALTO_CORE_PAD_MGTTXN1OUT' of module 'PS8' is unconnected for instance 'PS8_i' [/home/catmouse/VVAS/ivas-platforms/Embedded/zcu104_vcuDec_vmixHdmiTx/vivado/xilinx_zcu104_vcuDec_vmixHdmiTx_202110_1/xilinx_zcu104_vcuDec_vmixHdmiTx_202110_1.gen/sources_1/bd/xilinx_zcu104_vcuDec_vmixHdmiTx_202110_1/ip/xilinx_zcu104_vcuDec_vmixHdmiTx_202110_1_ps_e_0/hdl/zynq_ultra_ps_e_v3_3_5.v:3891]
WARNING: [Synth 8-7071] port 'PSS_ALTO_CORE_PAD_MGTTXN2OUT' of module 'PS8' is unconnected for instance 'PS8_i' [/home/catmouse/VVAS/ivas-platforms/Embedded/zcu104_vcuDec_vmixHdmiTx/vivado/xilinx_zcu104_vcuDec_vmixHdmiTx_202110_1/xilinx_zcu104_vcuDec_vmixHdmiTx_202110_1.gen/sources_1/bd/xilinx_zcu104_vcuDec_vmixHdmiTx_202110_1/ip/xilinx_zcu104_vcuDec_vmixHdmiTx_202110_1_ps_e_0/hdl/zynq_ultra_ps_e_v3_3_5.v:3891]
WARNING: [Synth 8-7071] port 'PSS_ALTO_CORE_PAD_MGTTXN3OUT' of module 'PS8' is unconnected for instance 'PS8_i' [/home/catmouse/VVAS/ivas-platforms/Embedded/zcu104_vcuDec_vmixHdmiTx/vivado/xilinx_zcu104_vcuDec_vmixHdmiTx_202110_1/xilinx_zcu104_vcuDec_vmixHdmiTx_202110_1.gen/sources_1/bd/xilinx_zcu104_vcuDec_vmixHdmiTx_202110_1/ip/xilinx_zcu104_vcuDec_vmixHdmiTx_202110_1_ps_e_0/hdl/zynq_ultra_ps_e_v3_3_5.v:3891]
WARNING: [Synth 8-7071] port 'PSS_ALTO_CORE_PAD_MGTTXP0OUT' of module 'PS8' is unconnected for instance 'PS8_i' [/home/catmouse/VVAS/ivas-platforms/Embedded/zcu104_vcuDec_vmixHdmiTx/vivado/xilinx_zcu104_vcuDec_vmixHdmiTx_202110_1/xilinx_zcu104_vcuDec_vmixHdmiTx_202110_1.gen/sources_1/bd/xilinx_zcu104_vcuDec_vmixHdmiTx_202110_1/ip/xilinx_zcu104_vcuDec_vmixHdmiTx_202110_1_ps_e_0/hdl/zynq_ultra_ps_e_v3_3_5.v:3891]
WARNING: [Synth 8-7071] port 'PSS_ALTO_CORE_PAD_MGTTXP1OUT' of module 'PS8' is unconnected for instance 'PS8_i' [/home/catmouse/VVAS/ivas-platforms/Embedded/zcu104_vcuDec_vmixHdmiTx/vivado/xilinx_zcu104_vcuDec_vmixHdmiTx_202110_1/xilinx_zcu104_vcuDec_vmixHdmiTx_202110_1.gen/sources_1/bd/xilinx_zcu104_vcuDec_vmixHdmiTx_202110_1/ip/xilinx_zcu104_vcuDec_vmixHdmiTx_202110_1_ps_e_0/hdl/zynq_ultra_ps_e_v3_3_5.v:3891]
WARNING: [Synth 8-7071] port 'PSS_ALTO_CORE_PAD_MGTTXP2OUT' of module 'PS8' is unconnected for instance 'PS8_i' [/home/catmouse/VVAS/ivas-platforms/Embedded/zcu104_vcuDec_vmixHdmiTx/vivado/xilinx_zcu104_vcuDec_vmixHdmiTx_202110_1/xilinx_zcu104_vcuDec_vmixHdmiTx_202110_1.gen/sources_1/bd/xilinx_zcu104_vcuDec_vmixHdmiTx_202110_1/ip/xilinx_zcu104_vcuDec_vmixHdmiTx_202110_1_ps_e_0/hdl/zynq_ultra_ps_e_v3_3_5.v:3891]
WARNING: [Synth 8-7071] port 'PSS_ALTO_CORE_PAD_MGTTXP3OUT' of module 'PS8' is unconnected for instance 'PS8_i' [/home/catmouse/VVAS/ivas-platforms/Embedded/zcu104_vcuDec_vmixHdmiTx/vivado/xilinx_zcu104_vcuDec_vmixHdmiTx_202110_1/xilinx_zcu104_vcuDec_vmixHdmiTx_202110_1.gen/sources_1/bd/xilinx_zcu104_vcuDec_vmixHdmiTx_202110_1/ip/xilinx_zcu104_vcuDec_vmixHdmiTx_202110_1_ps_e_0/hdl/zynq_ultra_ps_e_v3_3_5.v:3891]
WARNING: [Synth 8-7071] port 'PSS_ALTO_CORE_PAD_PADO' of module 'PS8' is unconnected for instance 'PS8_i' [/home/catmouse/VVAS/ivas-platforms/Embedded/zcu104_vcuDec_vmixHdmiTx/vivado/xilinx_zcu104_vcuDec_vmixHdmiTx_202110_1/xilinx_zcu104_vcuDec_vmixHdmiTx_202110_1.gen/sources_1/bd/xilinx_zcu104_vcuDec_vmixHdmiTx_202110_1/ip/xilinx_zcu104_vcuDec_vmixHdmiTx_202110_1_ps_e_0/hdl/zynq_ultra_ps_e_v3_3_5.v:3891]
WARNING: [Synth 8-7071] port 'PSS_ALTO_CORE_PAD_BOOTMODE' of module 'PS8' is unconnected for instance 'PS8_i' [/home/catmouse/VVAS/ivas-platforms/Embedded/zcu104_vcuDec_vmixHdmiTx/vivado/xilinx_zcu104_vcuDec_vmixHdmiTx_202110_1/xilinx_zcu104_vcuDec_vmixHdmiTx_202110_1.gen/sources_1/bd/xilinx_zcu104_vcuDec_vmixHdmiTx_202110_1/ip/xilinx_zcu104_vcuDec_vmixHdmiTx_202110_1_ps_e_0/hdl/zynq_ultra_ps_e_v3_3_5.v:3891]
WARNING: [Synth 8-7071] port 'PSS_ALTO_CORE_PAD_CLK' of module 'PS8' is unconnected for instance 'PS8_i' [/home/catmouse/VVAS/ivas-platforms/Embedded/zcu104_vcuDec_vmixHdmiTx/vivado/xilinx_zcu104_vcuDec_vmixHdmiTx_202110_1/xilinx_zcu104_vcuDec_vmixHdmiTx_202110_1.gen/sources_1/bd/xilinx_zcu104_vcuDec_vmixHdmiTx_202110_1/ip/xilinx_zcu104_vcuDec_vmixHdmiTx_202110_1_ps_e_0/hdl/zynq_ultra_ps_e_v3_3_5.v:3891]
WARNING: [Synth 8-7071] port 'PSS_ALTO_CORE_PAD_DONEB' of module 'PS8' is unconnected for instance 'PS8_i' [/home/catmouse/VVAS/ivas-platforms/Embedded/zcu104_vcuDec_vmixHdmiTx/vivado/xilinx_zcu104_vcuDec_vmixHdmiTx_202110_1/xilinx_zcu104_vcuDec_vmixHdmiTx_202110_1.gen/sources_1/bd/xilinx_zcu104_vcuDec_vmixHdmiTx_202110_1/ip/xilinx_zcu104_vcuDec_vmixHdmiTx_202110_1_ps_e_0/hdl/zynq_ultra_ps_e_v3_3_5.v:3891]
WARNING: [Synth 8-7071] port 'PSS_ALTO_CORE_PAD_DRAMA' of module 'PS8' is unconnected for instance 'PS8_i' [/home/catmouse/VVAS/ivas-platforms/Embedded/zcu104_vcuDec_vmixHdmiTx/vivado/xilinx_zcu104_vcuDec_vmixHdmiTx_202110_1/xilinx_zcu104_vcuDec_vmixHdmiTx_202110_1.gen/sources_1/bd/xilinx_zcu104_vcuDec_vmixHdmiTx_202110_1/ip/xilinx_zcu104_vcuDec_vmixHdmiTx_202110_1_ps_e_0/hdl/zynq_ultra_ps_e_v3_3_5.v:3891]
WARNING: [Synth 8-7071] port 'PSS_ALTO_CORE_PAD_DRAMACTN' of module 'PS8' is unconnected for instance 'PS8_i' [/home/catmouse/VVAS/ivas-platforms/Embedded/zcu104_vcuDec_vmixHdmiTx/vivado/xilinx_zcu104_vcuDec_vmixHdmiTx_202110_1/xilinx_zcu104_vcuDec_vmixHdmiTx_202110_1.gen/sources_1/bd/xilinx_zcu104_vcuDec_vmixHdmiTx_202110_1/ip/xilinx_zcu104_vcuDec_vmixHdmiTx_202110_1_ps_e_0/hdl/zynq_ultra_ps_e_v3_3_5.v:3891]
WARNING: [Synth 8-7071] port 'PSS_ALTO_CORE_PAD_DRAMALERTN' of module 'PS8' is unconnected for instance 'PS8_i' [/home/catmouse/VVAS/ivas-platforms/Embedded/zcu104_vcuDec_vmixHdmiTx/vivado/xilinx_zcu104_vcuDec_vmixHdmiTx_202110_1/xilinx_zcu104_vcuDec_vmixHdmiTx_202110_1.gen/sources_1/bd/xilinx_zcu104_vcuDec_vmixHdmiTx_202110_1/ip/xilinx_zcu104_vcuDec_vmixHdmiTx_202110_1_ps_e_0/hdl/zynq_ultra_ps_e_v3_3_5.v:3891]
WARNING: [Synth 8-7071] port 'PSS_ALTO_CORE_PAD_DRAMBA' of module 'PS8' is unconnected for instance 'PS8_i' [/home/catmouse/VVAS/ivas-platforms/Embedded/zcu104_vcuDec_vmixHdmiTx/vivado/xilinx_zcu104_vcuDec_vmixHdmiTx_202110_1/xilinx_zcu104_vcuDec_vmixHdmiTx_202110_1.gen/sources_1/bd/xilinx_zcu104_vcuDec_vmixHdmiTx_202110_1/ip/xilinx_zcu104_vcuDec_vmixHdmiTx_202110_1_ps_e_0/hdl/zynq_ultra_ps_e_v3_3_5.v:3891]
WARNING: [Synth 8-7071] port 'PSS_ALTO_CORE_PAD_DRAMBG' of module 'PS8' is unconnected for instance 'PS8_i' [/home/catmouse/VVAS/ivas-platforms/Embedded/zcu104_vcuDec_vmixHdmiTx/vivado/xilinx_zcu104_vcuDec_vmixHdmiTx_202110_1/xilinx_zcu104_vcuDec_vmixHdmiTx_202110_1.gen/sources_1/bd/xilinx_zcu104_vcuDec_vmixHdmiTx_202110_1/ip/xilinx_zcu104_vcuDec_vmixHdmiTx_202110_1_ps_e_0/hdl/zynq_ultra_ps_e_v3_3_5.v:3891]
WARNING: [Synth 8-7071] port 'PSS_ALTO_CORE_PAD_DRAMCK' of module 'PS8' is unconnected for instance 'PS8_i' [/home/catmouse/VVAS/ivas-platforms/Embedded/zcu104_vcuDec_vmixHdmiTx/vivado/xilinx_zcu104_vcuDec_vmixHdmiTx_202110_1/xilinx_zcu104_vcuDec_vmixHdmiTx_202110_1.gen/sources_1/bd/xilinx_zcu104_vcuDec_vmixHdmiTx_202110_1/ip/xilinx_zcu104_vcuDec_vmixHdmiTx_202110_1_ps_e_0/hdl/zynq_ultra_ps_e_v3_3_5.v:3891]
WARNING: [Synth 8-7071] port 'PSS_ALTO_CORE_PAD_DRAMCKE' of module 'PS8' is unconnected for instance 'PS8_i' [/home/catmouse/VVAS/ivas-platforms/Embedded/zcu104_vcuDec_vmixHdmiTx/vivado/xilinx_zcu104_vcuDec_vmixHdmiTx_202110_1/xilinx_zcu104_vcuDec_vmixHdmiTx_202110_1.gen/sources_1/bd/xilinx_zcu104_vcuDec_vmixHdmiTx_202110_1/ip/xilinx_zcu104_vcuDec_vmixHdmiTx_202110_1_ps_e_0/hdl/zynq_ultra_ps_e_v3_3_5.v:3891]
WARNING: [Synth 8-7071] port 'PSS_ALTO_CORE_PAD_DRAMCKN' of module 'PS8' is unconnected for instance 'PS8_i' [/home/catmouse/VVAS/ivas-platforms/Embedded/zcu104_vcuDec_vmixHdmiTx/vivado/xilinx_zcu104_vcuDec_vmixHdmiTx_202110_1/xilinx_zcu104_vcuDec_vmixHdmiTx_202110_1.gen/sources_1/bd/xilinx_zcu104_vcuDec_vmixHdmiTx_202110_1/ip/xilinx_zcu104_vcuDec_vmixHdmiTx_202110_1_ps_e_0/hdl/zynq_ultra_ps_e_v3_3_5.v:3891]
WARNING: [Synth 8-7071] port 'PSS_ALTO_CORE_PAD_DRAMCSN' of module 'PS8' is unconnected for instance 'PS8_i' [/home/catmouse/VVAS/ivas-platforms/Embedded/zcu104_vcuDec_vmixHdmiTx/vivado/xilinx_zcu104_vcuDec_vmixHdmiTx_202110_1/xilinx_zcu104_vcuDec_vmixHdmiTx_202110_1.gen/sources_1/bd/xilinx_zcu104_vcuDec_vmixHdmiTx_202110_1/ip/xilinx_zcu104_vcuDec_vmixHdmiTx_202110_1_ps_e_0/hdl/zynq_ultra_ps_e_v3_3_5.v:3891]
WARNING: [Synth 8-7071] port 'PSS_ALTO_CORE_PAD_DRAMDM' of module 'PS8' is unconnected for instance 'PS8_i' [/home/catmouse/VVAS/ivas-platforms/Embedded/zcu104_vcuDec_vmixHdmiTx/vivado/xilinx_zcu104_vcuDec_vmixHdmiTx_202110_1/xilinx_zcu104_vcuDec_vmixHdmiTx_202110_1.gen/sources_1/bd/xilinx_zcu104_vcuDec_vmixHdmiTx_202110_1/ip/xilinx_zcu104_vcuDec_vmixHdmiTx_202110_1_ps_e_0/hdl/zynq_ultra_ps_e_v3_3_5.v:3891]
WARNING: [Synth 8-7071] port 'PSS_ALTO_CORE_PAD_DRAMDQ' of module 'PS8' is unconnected for instance 'PS8_i' [/home/catmouse/VVAS/ivas-platforms/Embedded/zcu104_vcuDec_vmixHdmiTx/vivado/xilinx_zcu104_vcuDec_vmixHdmiTx_202110_1/xilinx_zcu104_vcuDec_vmixHdmiTx_202110_1.gen/sources_1/bd/xilinx_zcu104_vcuDec_vmixHdmiTx_202110_1/ip/xilinx_zcu104_vcuDec_vmixHdmiTx_202110_1_ps_e_0/hdl/zynq_ultra_ps_e_v3_3_5.v:3891]
WARNING: [Synth 8-7071] port 'PSS_ALTO_CORE_PAD_DRAMDQS' of module 'PS8' is unconnected for instance 'PS8_i' [/home/catmouse/VVAS/ivas-platforms/Embedded/zcu104_vcuDec_vmixHdmiTx/vivado/xilinx_zcu104_vcuDec_vmixHdmiTx_202110_1/xilinx_zcu104_vcuDec_vmixHdmiTx_202110_1.gen/sources_1/bd/xilinx_zcu104_vcuDec_vmixHdmiTx_202110_1/ip/xilinx_zcu104_vcuDec_vmixHdmiTx_202110_1_ps_e_0/hdl/zynq_ultra_ps_e_v3_3_5.v:3891]
WARNING: [Synth 8-7071] port 'PSS_ALTO_CORE_PAD_DRAMDQSN' of module 'PS8' is unconnected for instance 'PS8_i' [/home/catmouse/VVAS/ivas-platforms/Embedded/zcu104_vcuDec_vmixHdmiTx/vivado/xilinx_zcu104_vcuDec_vmixHdmiTx_202110_1/xilinx_zcu104_vcuDec_vmixHdmiTx_202110_1.gen/sources_1/bd/xilinx_zcu104_vcuDec_vmixHdmiTx_202110_1/ip/xilinx_zcu104_vcuDec_vmixHdmiTx_202110_1_ps_e_0/hdl/zynq_ultra_ps_e_v3_3_5.v:3891]
WARNING: [Synth 8-7071] port 'PSS_ALTO_CORE_PAD_DRAMODT' of module 'PS8' is unconnected for instance 'PS8_i' [/home/catmouse/VVAS/ivas-platforms/Embedded/zcu104_vcuDec_vmixHdmiTx/vivado/xilinx_zcu104_vcuDec_vmixHdmiTx_202110_1/xilinx_zcu104_vcuDec_vmixHdmiTx_202110_1.gen/sources_1/bd/xilinx_zcu104_vcuDec_vmixHdmiTx_202110_1/ip/xilinx_zcu104_vcuDec_vmixHdmiTx_202110_1_ps_e_0/hdl/zynq_ultra_ps_e_v3_3_5.v:3891]
WARNING: [Synth 8-7071] port 'PSS_ALTO_CORE_PAD_DRAMPARITY' of module 'PS8' is unconnected for instance 'PS8_i' [/home/catmouse/VVAS/ivas-platforms/Embedded/zcu104_vcuDec_vmixHdmiTx/vivado/xilinx_zcu104_vcuDec_vmixHdmiTx_202110_1/xilinx_zcu104_vcuDec_vmixHdmiTx_202110_1.gen/sources_1/bd/xilinx_zcu104_vcuDec_vmixHdmiTx_202110_1/ip/xilinx_zcu104_vcuDec_vmixHdmiTx_202110_1_ps_e_0/hdl/zynq_ultra_ps_e_v3_3_5.v:3891]
WARNING: [Synth 8-7071] port 'PSS_ALTO_CORE_PAD_DRAMRAMRSTN' of module 'PS8' is unconnected for instance 'PS8_i' [/home/catmouse/VVAS/ivas-platforms/Embedded/zcu104_vcuDec_vmixHdmiTx/vivado/xilinx_zcu104_vcuDec_vmixHdmiTx_202110_1/xilinx_zcu104_vcuDec_vmixHdmiTx_202110_1.gen/sources_1/bd/xilinx_zcu104_vcuDec_vmixHdmiTx_202110_1/ip/xilinx_zcu104_vcuDec_vmixHdmiTx_202110_1_ps_e_0/hdl/zynq_ultra_ps_e_v3_3_5.v:3891]
WARNING: [Synth 8-7071] port 'PSS_ALTO_CORE_PAD_ERROROUT' of module 'PS8' is unconnected for instance 'PS8_i' [/home/catmouse/VVAS/ivas-platforms/Embedded/zcu104_vcuDec_vmixHdmiTx/vivado/xilinx_zcu104_vcuDec_vmixHdmiTx_202110_1/xilinx_zcu104_vcuDec_vmixHdmiTx_202110_1.gen/sources_1/bd/xilinx_zcu104_vcuDec_vmixHdmiTx_202110_1/ip/xilinx_zcu104_vcuDec_vmixHdmiTx_202110_1_ps_e_0/hdl/zynq_ultra_ps_e_v3_3_5.v:3891]
WARNING: [Synth 8-7071] port 'PSS_ALTO_CORE_PAD_ERRORSTATUS' of module 'PS8' is unconnected for instance 'PS8_i' [/home/catmouse/VVAS/ivas-platforms/Embedded/zcu104_vcuDec_vmixHdmiTx/vivado/xilinx_zcu104_vcuDec_vmixHdmiTx_202110_1/xilinx_zcu104_vcuDec_vmixHdmiTx_202110_1.gen/sources_1/bd/xilinx_zcu104_vcuDec_vmixHdmiTx_202110_1/ip/xilinx_zcu104_vcuDec_vmixHdmiTx_202110_1_ps_e_0/hdl/zynq_ultra_ps_e_v3_3_5.v:3891]
WARNING: [Synth 8-7071] port 'PSS_ALTO_CORE_PAD_INITB' of module 'PS8' is unconnected for instance 'PS8_i' [/home/catmouse/VVAS/ivas-platforms/Embedded/zcu104_vcuDec_vmixHdmiTx/vivado/xilinx_zcu104_vcuDec_vmixHdmiTx_202110_1/xilinx_zcu104_vcuDec_vmixHdmiTx_202110_1.gen/sources_1/bd/xilinx_zcu104_vcuDec_vmixHdmiTx_202110_1/ip/xilinx_zcu104_vcuDec_vmixHdmiTx_202110_1_ps_e_0/hdl/zynq_ultra_ps_e_v3_3_5.v:3891]
WARNING: [Synth 8-7071] port 'PSS_ALTO_CORE_PAD_JTAGTCK' of module 'PS8' is unconnected for instance 'PS8_i' [/home/catmouse/VVAS/ivas-platforms/Embedded/zcu104_vcuDec_vmixHdmiTx/vivado/xilinx_zcu104_vcuDec_vmixHdmiTx_202110_1/xilinx_zcu104_vcuDec_vmixHdmiTx_202110_1.gen/sources_1/bd/xilinx_zcu104_vcuDec_vmixHdmiTx_202110_1/ip/xilinx_zcu104_vcuDec_vmixHdmiTx_202110_1_ps_e_0/hdl/zynq_ultra_ps_e_v3_3_5.v:3891]
WARNING: [Synth 8-7071] port 'PSS_ALTO_CORE_PAD_JTAGTDI' of module 'PS8' is unconnected for instance 'PS8_i' [/home/catmouse/VVAS/ivas-platforms/Embedded/zcu104_vcuDec_vmixHdmiTx/vivado/xilinx_zcu104_vcuDec_vmixHdmiTx_202110_1/xilinx_zcu104_vcuDec_vmixHdmiTx_202110_1.gen/sources_1/bd/xilinx_zcu104_vcuDec_vmixHdmiTx_202110_1/ip/xilinx_zcu104_vcuDec_vmixHdmiTx_202110_1_ps_e_0/hdl/zynq_ultra_ps_e_v3_3_5.v:3891]
WARNING: [Synth 8-7071] port 'PSS_ALTO_CORE_PAD_JTAGTDO' of module 'PS8' is unconnected for instance 'PS8_i' [/home/catmouse/VVAS/ivas-platforms/Embedded/zcu104_vcuDec_vmixHdmiTx/vivado/xilinx_zcu104_vcuDec_vmixHdmiTx_202110_1/xilinx_zcu104_vcuDec_vmixHdmiTx_202110_1.gen/sources_1/bd/xilinx_zcu104_vcuDec_vmixHdmiTx_202110_1/ip/xilinx_zcu104_vcuDec_vmixHdmiTx_202110_1_ps_e_0/hdl/zynq_ultra_ps_e_v3_3_5.v:3891]
WARNING: [Synth 8-7071] port 'PSS_ALTO_CORE_PAD_JTAGTMS' of module 'PS8' is unconnected for instance 'PS8_i' [/home/catmouse/VVAS/ivas-platforms/Embedded/zcu104_vcuDec_vmixHdmiTx/vivado/xilinx_zcu104_vcuDec_vmixHdmiTx_202110_1/xilinx_zcu104_vcuDec_vmixHdmiTx_202110_1.gen/sources_1/bd/xilinx_zcu104_vcuDec_vmixHdmiTx_202110_1/ip/xilinx_zcu104_vcuDec_vmixHdmiTx_202110_1_ps_e_0/hdl/zynq_ultra_ps_e_v3_3_5.v:3891]
WARNING: [Synth 8-7071] port 'PSS_ALTO_CORE_PAD_MIO' of module 'PS8' is unconnected for instance 'PS8_i' [/home/catmouse/VVAS/ivas-platforms/Embedded/zcu104_vcuDec_vmixHdmiTx/vivado/xilinx_zcu104_vcuDec_vmixHdmiTx_202110_1/xilinx_zcu104_vcuDec_vmixHdmiTx_202110_1.gen/sources_1/bd/xilinx_zcu104_vcuDec_vmixHdmiTx_202110_1/ip/xilinx_zcu104_vcuDec_vmixHdmiTx_202110_1_ps_e_0/hdl/zynq_ultra_ps_e_v3_3_5.v:3891]
WARNING: [Synth 8-7071] port 'PSS_ALTO_CORE_PAD_PORB' of module 'PS8' is unconnected for instance 'PS8_i' [/home/catmouse/VVAS/ivas-platforms/Embedded/zcu104_vcuDec_vmixHdmiTx/vivado/xilinx_zcu104_vcuDec_vmixHdmiTx_202110_1/xilinx_zcu104_vcuDec_vmixHdmiTx_202110_1.gen/sources_1/bd/xilinx_zcu104_vcuDec_vmixHdmiTx_202110_1/ip/xilinx_zcu104_vcuDec_vmixHdmiTx_202110_1_ps_e_0/hdl/zynq_ultra_ps_e_v3_3_5.v:3891]
WARNING: [Synth 8-7071] port 'PSS_ALTO_CORE_PAD_PROGB' of module 'PS8' is unconnected for instance 'PS8_i' [/home/catmouse/VVAS/ivas-platforms/Embedded/zcu104_vcuDec_vmixHdmiTx/vivado/xilinx_zcu104_vcuDec_vmixHdmiTx_202110_1/xilinx_zcu104_vcuDec_vmixHdmiTx_202110_1.gen/sources_1/bd/xilinx_zcu104_vcuDec_vmixHdmiTx_202110_1/ip/xilinx_zcu104_vcuDec_vmixHdmiTx_202110_1_ps_e_0/hdl/zynq_ultra_ps_e_v3_3_5.v:3891]
WARNING: [Synth 8-7071] port 'PSS_ALTO_CORE_PAD_RCALIBINOUT' of module 'PS8' is unconnected for instance 'PS8_i' [/home/catmouse/VVAS/ivas-platforms/Embedded/zcu104_vcuDec_vmixHdmiTx/vivado/xilinx_zcu104_vcuDec_vmixHdmiTx_202110_1/xilinx_zcu104_vcuDec_vmixHdmiTx_202110_1.gen/sources_1/bd/xilinx_zcu104_vcuDec_vmixHdmiTx_202110_1/ip/xilinx_zcu104_vcuDec_vmixHdmiTx_202110_1_ps_e_0/hdl/zynq_ultra_ps_e_v3_3_5.v:3891]
WARNING: [Synth 8-7071] port 'PSS_ALTO_CORE_PAD_SRSTB' of module 'PS8' is unconnected for instance 'PS8_i' [/home/catmouse/VVAS/ivas-platforms/Embedded/zcu104_vcuDec_vmixHdmiTx/vivado/xilinx_zcu104_vcuDec_vmixHdmiTx_202110_1/xilinx_zcu104_vcuDec_vmixHdmiTx_202110_1.gen/sources_1/bd/xilinx_zcu104_vcuDec_vmixHdmiTx_202110_1/ip/xilinx_zcu104_vcuDec_vmixHdmiTx_202110_1_ps_e_0/hdl/zynq_ultra_ps_e_v3_3_5.v:3891]
WARNING: [Synth 8-7071] port 'PSS_ALTO_CORE_PAD_ZQ' of module 'PS8' is unconnected for instance 'PS8_i' [/home/catmouse/VVAS/ivas-platforms/Embedded/zcu104_vcuDec_vmixHdmiTx/vivado/xilinx_zcu104_vcuDec_vmixHdmiTx_202110_1/xilinx_zcu104_vcuDec_vmixHdmiTx_202110_1.gen/sources_1/bd/xilinx_zcu104_vcuDec_vmixHdmiTx_202110_1/ip/xilinx_zcu104_vcuDec_vmixHdmiTx_202110_1_ps_e_0/hdl/zynq_ultra_ps_e_v3_3_5.v:3891]
WARNING: [Synth 8-7071] port 'PSS_ALTO_CORE_PAD_MGTRXN0IN' of module 'PS8' is unconnected for instance 'PS8_i' [/home/catmouse/VVAS/ivas-platforms/Embedded/zcu104_vcuDec_vmixHdmiTx/vivado/xilinx_zcu104_vcuDec_vmixHdmiTx_202110_1/xilinx_zcu104_vcuDec_vmixHdmiTx_202110_1.gen/sources_1/bd/xilinx_zcu104_vcuDec_vmixHdmiTx_202110_1/ip/xilinx_zcu104_vcuDec_vmixHdmiTx_202110_1_ps_e_0/hdl/zynq_ultra_ps_e_v3_3_5.v:3891]
WARNING: [Synth 8-7071] port 'PSS_ALTO_CORE_PAD_MGTRXN1IN' of module 'PS8' is unconnected for instance 'PS8_i' [/home/catmouse/VVAS/ivas-platforms/Embedded/zcu104_vcuDec_vmixHdmiTx/vivado/xilinx_zcu104_vcuDec_vmixHdmiTx_202110_1/xilinx_zcu104_vcuDec_vmixHdmiTx_202110_1.gen/sources_1/bd/xilinx_zcu104_vcuDec_vmixHdmiTx_202110_1/ip/xilinx_zcu104_vcuDec_vmixHdmiTx_202110_1_ps_e_0/hdl/zynq_ultra_ps_e_v3_3_5.v:3891]
WARNING: [Synth 8-7071] port 'PSS_ALTO_CORE_PAD_MGTRXN2IN' of module 'PS8' is unconnected for instance 'PS8_i' [/home/catmouse/VVAS/ivas-platforms/Embedded/zcu104_vcuDec_vmixHdmiTx/vivado/xilinx_zcu104_vcuDec_vmixHdmiTx_202110_1/xilinx_zcu104_vcuDec_vmixHdmiTx_202110_1.gen/sources_1/bd/xilinx_zcu104_vcuDec_vmixHdmiTx_202110_1/ip/xilinx_zcu104_vcuDec_vmixHdmiTx_202110_1_ps_e_0/hdl/zynq_ultra_ps_e_v3_3_5.v:3891]
WARNING: [Synth 8-7071] port 'PSS_ALTO_CORE_PAD_MGTRXN3IN' of module 'PS8' is unconnected for instance 'PS8_i' [/home/catmouse/VVAS/ivas-platforms/Embedded/zcu104_vcuDec_vmixHdmiTx/vivado/xilinx_zcu104_vcuDec_vmixHdmiTx_202110_1/xilinx_zcu104_vcuDec_vmixHdmiTx_202110_1.gen/sources_1/bd/xilinx_zcu104_vcuDec_vmixHdmiTx_202110_1/ip/xilinx_zcu104_vcuDec_vmixHdmiTx_202110_1_ps_e_0/hdl/zynq_ultra_ps_e_v3_3_5.v:3891]
WARNING: [Synth 8-7071] port 'PSS_ALTO_CORE_PAD_MGTRXP0IN' of module 'PS8' is unconnected for instance 'PS8_i' [/home/catmouse/VVAS/ivas-platforms/Embedded/zcu104_vcuDec_vmixHdmiTx/vivado/xilinx_zcu104_vcuDec_vmixHdmiTx_202110_1/xilinx_zcu104_vcuDec_vmixHdmiTx_202110_1.gen/sources_1/bd/xilinx_zcu104_vcuDec_vmixHdmiTx_202110_1/ip/xilinx_zcu104_vcuDec_vmixHdmiTx_202110_1_ps_e_0/hdl/zynq_ultra_ps_e_v3_3_5.v:3891]
WARNING: [Synth 8-7071] port 'PSS_ALTO_CORE_PAD_MGTRXP1IN' of module 'PS8' is unconnected for instance 'PS8_i' [/home/catmouse/VVAS/ivas-platforms/Embedded/zcu104_vcuDec_vmixHdmiTx/vivado/xilinx_zcu104_vcuDec_vmixHdmiTx_202110_1/xilinx_zcu104_vcuDec_vmixHdmiTx_202110_1.gen/sources_1/bd/xilinx_zcu104_vcuDec_vmixHdmiTx_202110_1/ip/xilinx_zcu104_vcuDec_vmixHdmiTx_202110_1_ps_e_0/hdl/zynq_ultra_ps_e_v3_3_5.v:3891]
WARNING: [Synth 8-7071] port 'PSS_ALTO_CORE_PAD_MGTRXP2IN' of module 'PS8' is unconnected for instance 'PS8_i' [/home/catmouse/VVAS/ivas-platforms/Embedded/zcu104_vcuDec_vmixHdmiTx/vivado/xilinx_zcu104_vcuDec_vmixHdmiTx_202110_1/xilinx_zcu104_vcuDec_vmixHdmiTx_202110_1.gen/sources_1/bd/xilinx_zcu104_vcuDec_vmixHdmiTx_202110_1/ip/xilinx_zcu104_vcuDec_vmixHdmiTx_202110_1_ps_e_0/hdl/zynq_ultra_ps_e_v3_3_5.v:3891]
WARNING: [Synth 8-7071] port 'PSS_ALTO_CORE_PAD_MGTRXP3IN' of module 'PS8' is unconnected for instance 'PS8_i' [/home/catmouse/VVAS/ivas-platforms/Embedded/zcu104_vcuDec_vmixHdmiTx/vivado/xilinx_zcu104_vcuDec_vmixHdmiTx_202110_1/xilinx_zcu104_vcuDec_vmixHdmiTx_202110_1.gen/sources_1/bd/xilinx_zcu104_vcuDec_vmixHdmiTx_202110_1/ip/xilinx_zcu104_vcuDec_vmixHdmiTx_202110_1_ps_e_0/hdl/zynq_ultra_ps_e_v3_3_5.v:3891]
WARNING: [Synth 8-7071] port 'PSS_ALTO_CORE_PAD_PADI' of module 'PS8' is unconnected for instance 'PS8_i' [/home/catmouse/VVAS/ivas-platforms/Embedded/zcu104_vcuDec_vmixHdmiTx/vivado/xilinx_zcu104_vcuDec_vmixHdmiTx_202110_1/xilinx_zcu104_vcuDec_vmixHdmiTx_202110_1.gen/sources_1/bd/xilinx_zcu104_vcuDec_vmixHdmiTx_202110_1/ip/xilinx_zcu104_vcuDec_vmixHdmiTx_202110_1_ps_e_0/hdl/zynq_ultra_ps_e_v3_3_5.v:3891]
WARNING: [Synth 8-7071] port 'PSS_ALTO_CORE_PAD_REFN0IN' of module 'PS8' is unconnected for instance 'PS8_i' [/home/catmouse/VVAS/ivas-platforms/Embedded/zcu104_vcuDec_vmixHdmiTx/vivado/xilinx_zcu104_vcuDec_vmixHdmiTx_202110_1/xilinx_zcu104_vcuDec_vmixHdmiTx_202110_1.gen/sources_1/bd/xilinx_zcu104_vcuDec_vmixHdmiTx_202110_1/ip/xilinx_zcu104_vcuDec_vmixHdmiTx_202110_1_ps_e_0/hdl/zynq_ultra_ps_e_v3_3_5.v:3891]
WARNING: [Synth 8-7071] port 'PSS_ALTO_CORE_PAD_REFN1IN' of module 'PS8' is unconnected for instance 'PS8_i' [/home/catmouse/VVAS/ivas-platforms/Embedded/zcu104_vcuDec_vmixHdmiTx/vivado/xilinx_zcu104_vcuDec_vmixHdmiTx_202110_1/xilinx_zcu104_vcuDec_vmixHdmiTx_202110_1.gen/sources_1/bd/xilinx_zcu104_vcuDec_vmixHdmiTx_202110_1/ip/xilinx_zcu104_vcuDec_vmixHdmiTx_202110_1_ps_e_0/hdl/zynq_ultra_ps_e_v3_3_5.v:3891]
WARNING: [Synth 8-7071] port 'PSS_ALTO_CORE_PAD_REFN2IN' of module 'PS8' is unconnected for instance 'PS8_i' [/home/catmouse/VVAS/ivas-platforms/Embedded/zcu104_vcuDec_vmixHdmiTx/vivado/xilinx_zcu104_vcuDec_vmixHdmiTx_202110_1/xilinx_zcu104_vcuDec_vmixHdmiTx_202110_1.gen/sources_1/bd/xilinx_zcu104_vcuDec_vmixHdmiTx_202110_1/ip/xilinx_zcu104_vcuDec_vmixHdmiTx_202110_1_ps_e_0/hdl/zynq_ultra_ps_e_v3_3_5.v:3891]
WARNING: [Synth 8-7071] port 'PSS_ALTO_CORE_PAD_REFN3IN' of module 'PS8' is unconnected for instance 'PS8_i' [/home/catmouse/VVAS/ivas-platforms/Embedded/zcu104_vcuDec_vmixHdmiTx/vivado/xilinx_zcu104_vcuDec_vmixHdmiTx_202110_1/xilinx_zcu104_vcuDec_vmixHdmiTx_202110_1.gen/sources_1/bd/xilinx_zcu104_vcuDec_vmixHdmiTx_202110_1/ip/xilinx_zcu104_vcuDec_vmixHdmiTx_202110_1_ps_e_0/hdl/zynq_ultra_ps_e_v3_3_5.v:3891]
WARNING: [Synth 8-7071] port 'PSS_ALTO_CORE_PAD_REFP0IN' of module 'PS8' is unconnected for instance 'PS8_i' [/home/catmouse/VVAS/ivas-platforms/Embedded/zcu104_vcuDec_vmixHdmiTx/vivado/xilinx_zcu104_vcuDec_vmixHdmiTx_202110_1/xilinx_zcu104_vcuDec_vmixHdmiTx_202110_1.gen/sources_1/bd/xilinx_zcu104_vcuDec_vmixHdmiTx_202110_1/ip/xilinx_zcu104_vcuDec_vmixHdmiTx_202110_1_ps_e_0/hdl/zynq_ultra_ps_e_v3_3_5.v:3891]
WARNING: [Synth 8-7071] port 'PSS_ALTO_CORE_PAD_REFP1IN' of module 'PS8' is unconnected for instance 'PS8_i' [/home/catmouse/VVAS/ivas-platforms/Embedded/zcu104_vcuDec_vmixHdmiTx/vivado/xilinx_zcu104_vcuDec_vmixHdmiTx_202110_1/xilinx_zcu104_vcuDec_vmixHdmiTx_202110_1.gen/sources_1/bd/xilinx_zcu104_vcuDec_vmixHdmiTx_202110_1/ip/xilinx_zcu104_vcuDec_vmixHdmiTx_202110_1_ps_e_0/hdl/zynq_ultra_ps_e_v3_3_5.v:3891]
WARNING: [Synth 8-7071] port 'PSS_ALTO_CORE_PAD_REFP2IN' of module 'PS8' is unconnected for instance 'PS8_i' [/home/catmouse/VVAS/ivas-platforms/Embedded/zcu104_vcuDec_vmixHdmiTx/vivado/xilinx_zcu104_vcuDec_vmixHdmiTx_202110_1/xilinx_zcu104_vcuDec_vmixHdmiTx_202110_1.gen/sources_1/bd/xilinx_zcu104_vcuDec_vmixHdmiTx_202110_1/ip/xilinx_zcu104_vcuDec_vmixHdmiTx_202110_1_ps_e_0/hdl/zynq_ultra_ps_e_v3_3_5.v:3891]
WARNING: [Synth 8-7071] port 'PSS_ALTO_CORE_PAD_REFP3IN' of module 'PS8' is unconnected for instance 'PS8_i' [/home/catmouse/VVAS/ivas-platforms/Embedded/zcu104_vcuDec_vmixHdmiTx/vivado/xilinx_zcu104_vcuDec_vmixHdmiTx_202110_1/xilinx_zcu104_vcuDec_vmixHdmiTx_202110_1.gen/sources_1/bd/xilinx_zcu104_vcuDec_vmixHdmiTx_202110_1/ip/xilinx_zcu104_vcuDec_vmixHdmiTx_202110_1_ps_e_0/hdl/zynq_ultra_ps_e_v3_3_5.v:3891]
WARNING: [Synth 8-7023] instance 'PS8_i' of module 'PS8' has 1015 connections declared, but only 957 given [/home/catmouse/VVAS/ivas-platforms/Embedded/zcu104_vcuDec_vmixHdmiTx/vivado/xilinx_zcu104_vcuDec_vmixHdmiTx_202110_1/xilinx_zcu104_vcuDec_vmixHdmiTx_202110_1.gen/sources_1/bd/xilinx_zcu104_vcuDec_vmixHdmiTx_202110_1/ip/xilinx_zcu104_vcuDec_vmixHdmiTx_202110_1_ps_e_0/hdl/zynq_ultra_ps_e_v3_3_5.v:3891]
INFO: [Synth 8-6155] done synthesizing module 'zynq_ultra_ps_e_v3_3_5_zynq_ultra_ps_e' (3#1) [/home/catmouse/VVAS/ivas-platforms/Embedded/zcu104_vcuDec_vmixHdmiTx/vivado/xilinx_zcu104_vcuDec_vmixHdmiTx_202110_1/xilinx_zcu104_vcuDec_vmixHdmiTx_202110_1.gen/sources_1/bd/xilinx_zcu104_vcuDec_vmixHdmiTx_202110_1/ip/xilinx_zcu104_vcuDec_vmixHdmiTx_202110_1_ps_e_0/hdl/zynq_ultra_ps_e_v3_3_5.v:337]
WARNING: [Synth 8-7071] port 'emio_enet0_signal_detect' of module 'zynq_ultra_ps_e_v3_3_5_zynq_ultra_ps_e' is unconnected for instance 'inst' [/home/catmouse/VVAS/ivas-platforms/Embedded/zcu104_vcuDec_vmixHdmiTx/vivado/xilinx_zcu104_vcuDec_vmixHdmiTx_202110_1/xilinx_zcu104_vcuDec_vmixHdmiTx_202110_1.gen/sources_1/bd/xilinx_zcu104_vcuDec_vmixHdmiTx_202110_1/ip/xilinx_zcu104_vcuDec_vmixHdmiTx_202110_1_ps_e_0/synth/xilinx_zcu104_vcuDec_vmixHdmiTx_202110_1_ps_e_0.v:741]
WARNING: [Synth 8-7071] port 'emio_enet1_signal_detect' of module 'zynq_ultra_ps_e_v3_3_5_zynq_ultra_ps_e' is unconnected for instance 'inst' [/home/catmouse/VVAS/ivas-platforms/Embedded/zcu104_vcuDec_vmixHdmiTx/vivado/xilinx_zcu104_vcuDec_vmixHdmiTx_202110_1/xilinx_zcu104_vcuDec_vmixHdmiTx_202110_1.gen/sources_1/bd/xilinx_zcu104_vcuDec_vmixHdmiTx_202110_1/ip/xilinx_zcu104_vcuDec_vmixHdmiTx_202110_1_ps_e_0/synth/xilinx_zcu104_vcuDec_vmixHdmiTx_202110_1_ps_e_0.v:741]
WARNING: [Synth 8-7071] port 'emio_enet2_signal_detect' of module 'zynq_ultra_ps_e_v3_3_5_zynq_ultra_ps_e' is unconnected for instance 'inst' [/home/catmouse/VVAS/ivas-platforms/Embedded/zcu104_vcuDec_vmixHdmiTx/vivado/xilinx_zcu104_vcuDec_vmixHdmiTx_202110_1/xilinx_zcu104_vcuDec_vmixHdmiTx_202110_1.gen/sources_1/bd/xilinx_zcu104_vcuDec_vmixHdmiTx_202110_1/ip/xilinx_zcu104_vcuDec_vmixHdmiTx_202110_1_ps_e_0/synth/xilinx_zcu104_vcuDec_vmixHdmiTx_202110_1_ps_e_0.v:741]
WARNING: [Synth 8-7071] port 'emio_enet3_signal_detect' of module 'zynq_ultra_ps_e_v3_3_5_zynq_ultra_ps_e' is unconnected for instance 'inst' [/home/catmouse/VVAS/ivas-platforms/Embedded/zcu104_vcuDec_vmixHdmiTx/vivado/xilinx_zcu104_vcuDec_vmixHdmiTx_202110_1/xilinx_zcu104_vcuDec_vmixHdmiTx_202110_1.gen/sources_1/bd/xilinx_zcu104_vcuDec_vmixHdmiTx_202110_1/ip/xilinx_zcu104_vcuDec_vmixHdmiTx_202110_1_ps_e_0/synth/xilinx_zcu104_vcuDec_vmixHdmiTx_202110_1_ps_e_0.v:741]
WARNING: [Synth 8-7023] instance 'inst' of module 'zynq_ultra_ps_e_v3_3_5_zynq_ultra_ps_e' has 1491 connections declared, but only 1487 given [/home/catmouse/VVAS/ivas-platforms/Embedded/zcu104_vcuDec_vmixHdmiTx/vivado/xilinx_zcu104_vcuDec_vmixHdmiTx_202110_1/xilinx_zcu104_vcuDec_vmixHdmiTx_202110_1.gen/sources_1/bd/xilinx_zcu104_vcuDec_vmixHdmiTx_202110_1/ip/xilinx_zcu104_vcuDec_vmixHdmiTx_202110_1_ps_e_0/synth/xilinx_zcu104_vcuDec_vmixHdmiTx_202110_1_ps_e_0.v:741]
INFO: [Synth 8-6155] done synthesizing module 'xilinx_zcu104_vcuDec_vmixHdmiTx_202110_1_ps_e_0' (4#1) [/home/catmouse/VVAS/ivas-platforms/Embedded/zcu104_vcuDec_vmixHdmiTx/vivado/xilinx_zcu104_vcuDec_vmixHdmiTx_202110_1/xilinx_zcu104_vcuDec_vmixHdmiTx_202110_1.gen/sources_1/bd/xilinx_zcu104_vcuDec_vmixHdmiTx_202110_1/ip/xilinx_zcu104_vcuDec_vmixHdmiTx_202110_1_ps_e_0/synth/xilinx_zcu104_vcuDec_vmixHdmiTx_202110_1_ps_e_0.v:59]
---------------------------------------------------------------------------------
Finished RTL Elaboration : Time (s): cpu = 00:00:03 ; elapsed = 00:00:17 . Memory (MB): peak = 3044.949 ; gain = 103.590 ; free physical = 974 ; free virtual = 1379
---------------------------------------------------------------------------------
---------------------------------------------------------------------------------
Start Handling Custom Attributes
---------------------------------------------------------------------------------
---------------------------------------------------------------------------------
Finished Handling Custom Attributes : Time (s): cpu = 00:00:04 ; elapsed = 00:00:18 . Memory (MB): peak = 3062.762 ; gain = 121.402 ; free physical = 2248 ; free virtual = 2788
---------------------------------------------------------------------------------
---------------------------------------------------------------------------------
Finished RTL Optimization Phase 1 : Time (s): cpu = 00:00:04 ; elapsed = 00:00:18 . Memory (MB): peak = 3062.762 ; gain = 121.402 ; free physical = 2246 ; free virtual = 2787
---------------------------------------------------------------------------------
Netlist sorting complete. Time (s): cpu = 00:00:00.02 ; elapsed = 00:00:00.07 . Memory (MB): peak = 3073.668 ; gain = 0.000 ; free physical = 5161 ; free virtual = 6191
INFO: [Project 1-570] Preparing netlist for logic optimization

Processing XDC Constraints
Initializing timing engine
Parsing XDC File [/home/catmouse/VVAS/ivas-platforms/Embedded/zcu104_vcuDec_vmixHdmiTx/vivado/xilinx_zcu104_vcuDec_vmixHdmiTx_202110_1/xilinx_zcu104_vcuDec_vmixHdmiTx_202110_1.gen/sources_1/bd/xilinx_zcu104_vcuDec_vmixHdmiTx_202110_1/ip/xilinx_zcu104_vcuDec_vmixHdmiTx_202110_1_ps_e_0/xilinx_zcu104_vcuDec_vmixHdmiTx_202110_1_ps_e_0_ooc.xdc] for cell 'inst'
Finished Parsing XDC File [/home/catmouse/VVAS/ivas-platforms/Embedded/zcu104_vcuDec_vmixHdmiTx/vivado/xilinx_zcu104_vcuDec_vmixHdmiTx_202110_1/xilinx_zcu104_vcuDec_vmixHdmiTx_202110_1.gen/sources_1/bd/xilinx_zcu104_vcuDec_vmixHdmiTx_202110_1/ip/xilinx_zcu104_vcuDec_vmixHdmiTx_202110_1_ps_e_0/xilinx_zcu104_vcuDec_vmixHdmiTx_202110_1_ps_e_0_ooc.xdc] for cell 'inst'
Parsing XDC File [/home/catmouse/VVAS/ivas-platforms/Embedded/zcu104_vcuDec_vmixHdmiTx/vivado/xilinx_zcu104_vcuDec_vmixHdmiTx_202110_1/xilinx_zcu104_vcuDec_vmixHdmiTx_202110_1.gen/sources_1/bd/xilinx_zcu104_vcuDec_vmixHdmiTx_202110_1/ip/xilinx_zcu104_vcuDec_vmixHdmiTx_202110_1_ps_e_0/xilinx_zcu104_vcuDec_vmixHdmiTx_202110_1_ps_e_0.xdc] for cell 'inst'
create_clock: Time (s): cpu = 00:00:04 ; elapsed = 00:00:07 . Memory (MB): peak = 3167.449 ; gain = 2.969 ; free physical = 6135 ; free virtual = 7294
Finished Parsing XDC File [/home/catmouse/VVAS/ivas-platforms/Embedded/zcu104_vcuDec_vmixHdmiTx/vivado/xilinx_zcu104_vcuDec_vmixHdmiTx_202110_1/xilinx_zcu104_vcuDec_vmixHdmiTx_202110_1.gen/sources_1/bd/xilinx_zcu104_vcuDec_vmixHdmiTx_202110_1/ip/xilinx_zcu104_vcuDec_vmixHdmiTx_202110_1_ps_e_0/xilinx_zcu104_vcuDec_vmixHdmiTx_202110_1_ps_e_0.xdc] for cell 'inst'
Parsing XDC File [/home/catmouse/VVAS/ivas-platforms/Embedded/zcu104_vcuDec_vmixHdmiTx/vivado/xilinx_zcu104_vcuDec_vmixHdmiTx_202110_1/xilinx_zcu104_vcuDec_vmixHdmiTx_202110_1.runs/xilinx_zcu104_vcuDec_vmixHdmiTx_202110_1_ps_e_0_synth_1/dont_touch.xdc]
Finished Parsing XDC File [/home/catmouse/VVAS/ivas-platforms/Embedded/zcu104_vcuDec_vmixHdmiTx/vivado/xilinx_zcu104_vcuDec_vmixHdmiTx_202110_1/xilinx_zcu104_vcuDec_vmixHdmiTx_202110_1.runs/xilinx_zcu104_vcuDec_vmixHdmiTx_202110_1_ps_e_0_synth_1/dont_touch.xdc]
Completed Processing XDC Constraints

Netlist sorting complete. Time (s): cpu = 00:00:00 ; elapsed = 00:00:00 . Memory (MB): peak = 3167.449 ; gain = 0.000 ; free physical = 6135 ; free virtual = 7295
INFO: [Project 1-111] Unisim Transformation Summary:
No Unisim elements were transformed.

Constraint Validation Runtime : Time (s): cpu = 00:00:00.04 ; elapsed = 00:00:00.07 . Memory (MB): peak = 3167.449 ; gain = 0.000 ; free physical = 6145 ; free virtual = 7306
---------------------------------------------------------------------------------
Finished Constraint Validation : Time (s): cpu = 00:00:11 ; elapsed = 00:00:35 . Memory (MB): peak = 3167.449 ; gain = 226.090 ; free physical = 4659 ; free virtual = 6050
---------------------------------------------------------------------------------
---------------------------------------------------------------------------------
Start Loading Part and Timing Information
---------------------------------------------------------------------------------
Loading part: xczu7ev-ffvc1156-2-e
INFO: [Synth 8-6742] Reading net delay rules and data
---------------------------------------------------------------------------------
Finished Loading Part and Timing Information : Time (s): cpu = 00:00:11 ; elapsed = 00:00:35 . Memory (MB): peak = 3167.449 ; gain = 226.090 ; free physical = 4637 ; free virtual = 6027
---------------------------------------------------------------------------------
---------------------------------------------------------------------------------
Start Applying 'set_property' XDC Constraints
---------------------------------------------------------------------------------
Applied set_property DONT_TOUCH = true for inst/PS8_i. (constraint file  /home/catmouse/VVAS/ivas-platforms/Embedded/zcu104_vcuDec_vmixHdmiTx/vivado/xilinx_zcu104_vcuDec_vmixHdmiTx_202110_1/xilinx_zcu104_vcuDec_vmixHdmiTx_202110_1.gen/sources_1/bd/xilinx_zcu104_vcuDec_vmixHdmiTx_202110_1/ip/xilinx_zcu104_vcuDec_vmixHdmiTx_202110_1_ps_e_0/xilinx_zcu104_vcuDec_vmixHdmiTx_202110_1_ps_e_0.xdc, line 25).
Applied set_property KEEP_HIERARCHY = SOFT for inst. (constraint file  /home/catmouse/VVAS/ivas-platforms/Embedded/zcu104_vcuDec_vmixHdmiTx/vivado/xilinx_zcu104_vcuDec_vmixHdmiTx_202110_1/xilinx_zcu104_vcuDec_vmixHdmiTx_202110_1.runs/xilinx_zcu104_vcuDec_vmixHdmiTx_202110_1_ps_e_0_synth_1/dont_touch.xdc, line 9).
---------------------------------------------------------------------------------
Finished applying 'set_property' XDC Constraints : Time (s): cpu = 00:00:11 ; elapsed = 00:00:36 . Memory (MB): peak = 3167.449 ; gain = 226.090 ; free physical = 4624 ; free virtual = 6015
---------------------------------------------------------------------------------
---------------------------------------------------------------------------------
Finished RTL Optimization Phase 2 : Time (s): cpu = 00:00:12 ; elapsed = 00:00:36 . Memory (MB): peak = 3167.449 ; gain = 226.090 ; free physical = 4311 ; free virtual = 5708
---------------------------------------------------------------------------------
---------------------------------------------------------------------------------
Start RTL Component Statistics 
---------------------------------------------------------------------------------
Detailed RTL Component Info : 
+---Registers : 
	                1 Bit    Registers := 1     
---------------------------------------------------------------------------------
Finished RTL Component Statistics 
---------------------------------------------------------------------------------
---------------------------------------------------------------------------------
Start Part Resource Summary
---------------------------------------------------------------------------------
Part Resources:
DSPs: 1728 (col length:144)
BRAMs: 624 (col length: RAMB18 144 RAMB36 72)
---------------------------------------------------------------------------------
Finished Part Resource Summary
---------------------------------------------------------------------------------
---------------------------------------------------------------------------------
Start Cross Boundary and Area Optimization
---------------------------------------------------------------------------------
---------------------------------------------------------------------------------
Finished Cross Boundary and Area Optimization : Time (s): cpu = 00:00:13 ; elapsed = 00:00:38 . Memory (MB): peak = 3167.449 ; gain = 226.090 ; free physical = 3660 ; free virtual = 5066
---------------------------------------------------------------------------------
